#
# A fatal error has been detected by the Java Runtime Environment:
#
#  EXCEPTION_ACCESS_VIOLATION (0xc0000005) at pc=0x00007ffa1aed5db9, pid=5848, tid=8044
#
# JRE version: OpenJDK Runtime Environment (11.0.11+9) (build 11.0.11+9-b60-7590822)
# Java VM: OpenJDK 64-Bit Server VM (11.0.11+9-b60-7590822, mixed mode, tiered, compressed oops, g1 gc, windows-amd64)
# Problematic frame:
# V  [jvm.dll+0x2b5db9]
#
# No core dump will be written. Minidumps are not enabled by default on client versions of Windows
#
# If you would like to submit a bug report, please visit:
#   https://bugreport.java.com/bugreport/crash.jsp
#

---------------  S U M M A R Y ------------

Command Line: --add-opens=java.base/java.util=ALL-UNNAMED --add-opens=java.base/java.lang=ALL-UNNAMED --add-opens=java.base/java.lang.invoke=ALL-UNNAMED --add-opens=java.base/java.util=ALL-UNNAMED --add-opens=java.prefs/java.util.prefs=ALL-UNNAMED --add-opens=java.prefs/java.util.prefs=ALL-UNNAMED --add-opens=java.base/java.nio.charset=ALL-UNNAMED --add-opens=java.base/java.net=ALL-UNNAMED --add-opens=java.base/java.util.concurrent.atomic=ALL-UNNAMED -Xmx2048m -Dfile.encoding=UTF-8 -Duser.country=US -Duser.language=en -Duser.variant org.gradle.launcher.daemon.bootstrap.GradleDaemon 7.2

Host: Intel(R) Core(TM) i3-7020U CPU @ 2.30GHz, 4 cores, 11G,  Windows 10 , 64 bit Build 19041 (10.0.19041.1503)
Time: Sat Feb 26 20:18:12 2022 India Standard Time elapsed time: 16.608209 seconds (0d 0h 0m 16s)

---------------  T H R E A D  ---------------

Current thread (0x0000016fceaeb800):  JavaThread "C2 CompilerThread1" daemon [_thread_in_native, id=8044, stack(0x0000003943d00000,0x0000003943e00000)]


Current CompileTask:
C2:  16608 6402       4       org.gradle.internal.serialize.kryo.StringDeduplicatingKryoBackedEncoder::writeNullableString (114 bytes)

Stack: [0x0000003943d00000,0x0000003943e00000],  sp=0x0000003943dfae40,  free space=1003k
Native frames: (J=compiled Java code, j=interpreted, Vv=VM code, C=native code)
V  [msvcp140.dll+0x2b5db9]
V  [jvm.dll+0x508488]
V  [jvm.dll+0x203d53]
V  [jvm.dll+0x1fdbac]
V  [jvm.dll+0x1fb35f]
V  [jvm.dll+0x183d6c]
V  [jvm.dll+0x209a57]
V  [jvm.dll+0x2082a1]
V  [jvm.dll+0x6ef58f]
V  [jvm.dll+0x6e80b5]
V  [jvm.dll+0x5f1036]
C  [ucrtbase.dll+0x21bb2]
C  [KERNEL32.DLL+0x17034]
C  [ntdll.dll+0x52651]


siginfo: EXCEPTION_ACCESS_VIOLATION (0xc0000005), reading address 0x00000173d2d55c28


Register to memory mapping:

RIP=0x00007ffa1aed5db9 jvm.dll
RAX=0x0000000000000514 is an unknown value
RBX=0x0000016fd2d55c20 points into unknown readable memory: 0x0000016fcf35b9c8 | c8 b9 35 cf 6f 01 00 00
RCX=0x0 is NULL
RDX=0x00000173d2d55c20 is an unknown value
RSP=0x0000003943dfae40 is pointing into the stack for thread: 0x0000016fceaeb800
RBP=0x0000016fd2d53010 points into unknown readable memory: 0x0000000000000000 | 00 00 00 00 00 00 00 00
RSI=0x0 is NULL
RDI=0x0 is NULL
R8 =0x0000016fd2d64db0 points into unknown readable memory: 0x0000016fcf35c930 | 30 c9 35 cf 6f 01 00 00
R9 =0x0000016fd2d56300 points into unknown readable memory: 0x0000016fce6506c8 | c8 06 65 ce 6f 01 00 00
R10=0x0000000000000301 is an unknown value
R11=0x0000016fd2d55cc0 points into unknown readable memory: 0x0000016fce64ef80 | 80 ef 64 ce 6f 01 00 00
R12=0x0000016fcf5b2050 points into unknown readable memory: 0x0000016fd2d53000 | 00 30 d5 d2 6f 01 00 00
R13=0x0000016fce64ef10 points into unknown readable memory: 0x00007ffa1b408100 | 00 81 40 1b fa 7f 00 00
R14=0x0000016fd2d55c70 points into unknown readable memory: 0x0000016fce64ef10 | 10 ef 64 ce 6f 01 00 00
R15=0x0000016fd29e6e80 points into unknown readable memory: 0xffffffff00000001 | 01 00 00 00 ff ff ff ff


Registers:
RAX=0x0000000000000514, RBX=0x0000016fd2d55c20, RCX=0x0000000000000000, RDX=0x00000173d2d55c20
RSP=0x0000003943dfae40, RBP=0x0000016fd2d53010, RSI=0x0000000000000000, RDI=0x0000000000000000
R8 =0x0000016fd2d64db0, R9 =0x0000016fd2d56300, R10=0x0000000000000301, R11=0x0000016fd2d55cc0
R12=0x0000016fcf5b2050, R13=0x0000016fce64ef10, R14=0x0000016fd2d55c70, R15=0x0000016fd29e6e80
RIP=0x00007ffa1aed5db9, EFLAGS=0x0000000000010246

Top of Stack: (sp=0x0000003943dfae40)
0x0000003943dfae40:   0000016fd2d55c70 0000016fd2d53010
0x0000003943dfae50:   0000000000000000 0000000000000001
0x0000003943dfae60:   000000000000008d 0000016fd2d53010
0x0000003943dfae70:   0000016fcf970750 0000016fcf5b2050
0x0000003943dfae80:   0000016fcf5b7cf0 000000000013ba50
0x0000003943dfae90:   0000016fcf5ba038 00007ffa1b492368
0x0000003943dfaea0:   0000016fcf970750 00007ffa00000100
0x0000003943dfaeb0:   0000016fd29edce0 0000000000000001
0x0000003943dfaec0:   0000000009e3cf70 0000016fcf970750
0x0000003943dfaed0:   0000000000000002 0000016fcf6845f0
0x0000003943dfaee0:   0000000000000000 0000003943dfb390
0x0000003943dfaef0:   0000003943dfde01 0000003943dfb010
0x0000003943dfaf00:   0000000000000000 00007ffa1b128488
0x0000003943dfaf10:   0000003943dfb390 00000039000006bc
0x0000003943dfaf20:   0000016fd29e6e80 0000016fd2d55c70
0x0000003943dfaf30:   0000016fcf970750 0000000000010020 

Instructions: (pc=0x00007ffa1aed5db9)
0x00007ffa1aed5cb9:   00 00 e8 b0 b2 45 00 4d 8b cf 48 8d 54 24 58 4c
0x00007ffa1aed5cc9:   8b c7 48 8b cd e8 3d fc ff ff 89 84 24 d8 00 00
0x00007ffa1aed5cd9:   00 48 89 75 08 48 89 6d 18 8d 48 ff 48 63 d1 48
0x00007ffa1aed5ce9:   83 fa 01 0f 8e d5 03 00 00 4c 8d 34 92 49 c1 e6
0x00007ffa1aed5cf9:   04 4c 03 f5 48 ff ca 4c 89 b4 24 e8 00 00 00 48
0x00007ffa1aed5d09:   89 54 24 20 0f 1f 00 4d 8b 2e 8b fe 41 83 7d 18
0x00007ffa1aed5d19:   00 0f 86 b2 00 00 00 8b c7 48 8d 1c c5 00 00 00
0x00007ffa1aed5d29:   00 49 8b 45 08 48 8b 0c 03 48 85 c9 0f 84 8b 00
0x00007ffa1aed5d39:   00 00 48 8b 01 ff 50 10 84 c0 0f 84 7d 00 00 00
0x00007ffa1aed5d49:   49 8b 45 08 48 8b 0c 03 8b 41 28 41 8b 0c 87 83
0x00007ffa1aed5d59:   f9 ff 74 69 48 8d 1c 89 48 c1 e3 04 48 03 dd 48
0x00007ffa1aed5d69:   8b 4b 20 48 85 c9 75 06 48 8b 53 18 eb 42 48 83
0x00007ffa1aed5d79:   79 20 00 74 25 e8 4d fb ff ff 4c 8b 43 20 48 8b
0x00007ffa1aed5d89:   43 18 49 8b 50 18 8b 48 08 39 4a 08 73 04 48 89
0x00007ffa1aed5d99:   53 18 49 8b 40 20 48 89 43 20 48 8b 43 20 48 8b
0x00007ffa1aed5da9:   4b 18 48 8b 50 18 8b 41 08 39 42 08 48 0f 43 d1
0x00007ffa1aed5db9:   8b 42 08 41 3b 46 08 73 04 41 89 46 08 ff c7 41
0x00007ffa1aed5dc9:   3b 7d 18 0f 82 4e ff ff ff 41 8b 46 08 4c 8b c5
0x00007ffa1aed5dd9:   49 8b d6 48 8d 0c 80 48 03 c9 48 8b 44 cd 38 49
0x00007ffa1aed5de9:   89 46 38 4c 89 74 cd 38 49 8b 4e 10 e8 b6 04 00
0x00007ffa1aed5df9:   00 49 8b 46 10 48 8b 58 38 48 85 db 74 6a 48 8b
0x00007ffa1aed5e09:   4b 20 48 85 c9 75 06 48 8b 53 18 eb 42 48 83 79
0x00007ffa1aed5e19:   20 00 74 25 e8 ae fa ff ff 4c 8b 43 20 48 8b 43
0x00007ffa1aed5e29:   18 49 8b 50 18 8b 48 08 39 4a 08 73 04 48 89 53
0x00007ffa1aed5e39:   18 49 8b 40 20 48 89 43 20 48 8b 43 20 48 8b 4b
0x00007ffa1aed5e49:   18 48 8b 50 18 8b 41 08 39 42 08 48 0f 43 d1 8b
0x00007ffa1aed5e59:   43 08 39 42 08 72 04 49 8b 56 10 48 89 53 30 48
0x00007ffa1aed5e69:   8b 5b 38 48 85 db 75 96 48 8b bc 24 d0 00 00 00
0x00007ffa1aed5e79:   80 bf b0 09 00 00 00 0f 85 13 02 00 00 41 8b 45
0x00007ffa1aed5e89:   2c 24 3f 3c 20 0f 85 05 02 00 00 41 bf 01 00 00
0x00007ffa1aed5e99:   00 45 39 7d 18 0f 86 ed 01 00 00 0f 1f 40 00 0f
0x00007ffa1aed5ea9:   1f 84 00 00 00 00 00 49 8b 45 08 41 8b cf 48 8b 


Stack slot to memory mapping:
stack at sp + 0 slots: 0x0000016fd2d55c70 points into unknown readable memory: 0x0000016fce64ef10 | 10 ef 64 ce 6f 01 00 00
stack at sp + 1 slots: 0x0000016fd2d53010 points into unknown readable memory: 0x0000000000000000 | 00 00 00 00 00 00 00 00
stack at sp + 2 slots: 0x0 is NULL
stack at sp + 3 slots: 0x0000000000000001 is an unknown value
stack at sp + 4 slots: 0x000000000000008d is an unknown value
stack at sp + 5 slots: 0x0000016fd2d53010 points into unknown readable memory: 0x0000000000000000 | 00 00 00 00 00 00 00 00
stack at sp + 6 slots: 0x0000016fcf970750 points into unknown readable memory: 0x0001657500000006 | 06 00 00 00 75 65 01 00
stack at sp + 7 slots: 0x0000016fcf5b2050 points into unknown readable memory: 0x0000016fd2d53000 | 00 30 d5 d2 6f 01 00 00


---------------  P R O C E S S  ---------------

Threads class SMR info:
_java_thread_list=0x0000016fcf4e07e0, length=78, elements={
0x0000016fb12c9800, 0x0000016fcbec1800, 0x0000016fcb6a1000, 0x0000016fcb6bb800,
0x0000016fcbf04800, 0x0000016fcbf06800, 0x0000016fcbf0f000, 0x0000016fcbf10800,
0x0000016fcbf12800, 0x0000016fcc073000, 0x0000016fcdfaa800, 0x0000016fceab3800,
0x0000016fce90b000, 0x0000016fcd0e8800, 0x0000016fcc2b6800, 0x0000016fce4d0800,
0x0000016fcd72b800, 0x0000016fcf1f4800, 0x0000016fced6e000, 0x0000016fce0b8800,
0x0000016fce0bb000, 0x0000016fce0b9800, 0x0000016fce0bc800, 0x0000016fce0b8000,
0x0000016fce0ba000, 0x0000016fce0bc000, 0x0000016fce0b7000, 0x0000016fce0bd800,
0x0000016fd168f800, 0x0000016fd1689800, 0x0000016fd168a800, 0x0000016fd168e800,
0x0000016fd1690000, 0x0000016fd168d000, 0x0000016fceaeb800, 0x0000016fd168b800,
0x0000016fd1692800, 0x0000016fd168d800, 0x0000016fd1697800, 0x0000016fd1694000,
0x0000016fd1695000, 0x0000016fd1696000, 0x0000016fd1698800, 0x0000016fd1696800,
0x0000016fcdb1d000, 0x0000016fcdb1d800, 0x0000016fcdb1a800, 0x0000016fcdb18000,
0x0000016fcdb1e800, 0x0000016fcdb19000, 0x0000016fcdb19800, 0x0000016fcdb21000,
0x0000016fcdb1f800, 0x0000016fcdb20000, 0x0000016fcdb1b800, 0x0000016fcdb22000,
0x0000016fcdb1c000, 0x0000016fcdb22800, 0x0000016fcdb24800, 0x0000016fcdb23800,
0x0000016fcdb25000, 0x0000016fcdb26000, 0x0000016fcdb26800, 0x0000016fcf394800,
0x0000016fcf391800, 0x0000016fcf396000, 0x0000016fcf397000, 0x0000016fcf398000,
0x0000016fcf392000, 0x0000016fcf393800, 0x0000016fcf395800, 0x0000016fcf398800,
0x0000016fcf393000, 0x0000016fcf39d800, 0x0000016fcf39a800, 0x0000016fcf39c800,
0x0000016fcf39e800, 0x0000016fcf39f000
}

Java Threads: ( => current thread )
  0x0000016fb12c9800 JavaThread "main" [_thread_blocked, id=7704, stack(0x0000003941c00000,0x0000003941d00000)]
  0x0000016fcbec1800 JavaThread "Reference Handler" daemon [_thread_blocked, id=5940, stack(0x0000003942300000,0x0000003942400000)]
  0x0000016fcb6a1000 JavaThread "Finalizer" daemon [_thread_blocked, id=5920, stack(0x0000003942400000,0x0000003942500000)]
  0x0000016fcb6bb800 JavaThread "Signal Dispatcher" daemon [_thread_blocked, id=10788, stack(0x0000003942500000,0x0000003942600000)]
  0x0000016fcbf04800 JavaThread "Attach Listener" daemon [_thread_blocked, id=2908, stack(0x0000003942600000,0x0000003942700000)]
  0x0000016fcbf06800 JavaThread "Service Thread" daemon [_thread_blocked, id=8728, stack(0x0000003942700000,0x0000003942800000)]
  0x0000016fcbf0f000 JavaThread "C2 CompilerThread0" daemon [_thread_in_native, id=6504, stack(0x0000003942800000,0x0000003942900000)]
  0x0000016fcbf10800 JavaThread "C1 CompilerThread0" daemon [_thread_in_native, id=5912, stack(0x0000003942900000,0x0000003942a00000)]
  0x0000016fcbf12800 JavaThread "Sweeper thread" daemon [_thread_blocked, id=7696, stack(0x0000003942a00000,0x0000003942b00000)]
  0x0000016fcc073000 JavaThread "Common-Cleaner" daemon [_thread_blocked, id=5368, stack(0x0000003942b00000,0x0000003942c00000)]
  0x0000016fcdfaa800 JavaThread "Daemon health stats" [_thread_blocked, id=2924, stack(0x0000003943100000,0x0000003943200000)]
  0x0000016fceab3800 JavaThread "Incoming local TCP Connector on port 51578" [_thread_in_native, id=5288, stack(0x0000003942d00000,0x0000003942e00000)]
  0x0000016fce90b000 JavaThread "Daemon periodic checks" [_thread_blocked, id=5564, stack(0x0000003943200000,0x0000003943300000)]
  0x0000016fcd0e8800 JavaThread "Daemon" [_thread_blocked, id=6932, stack(0x0000003943300000,0x0000003943400000)]
  0x0000016fcc2b6800 JavaThread "Handler for socket connection from /127.0.0.1:51578 to /127.0.0.1:51580" [_thread_in_native, id=9856, stack(0x0000003943400000,0x0000003943500000)]
  0x0000016fce4d0800 JavaThread "Cancel handler" [_thread_blocked, id=10640, stack(0x0000003943500000,0x0000003943600000)]
  0x0000016fcd72b800 JavaThread "Daemon worker" [_thread_in_vm, id=6800, stack(0x0000003943600000,0x0000003943700000)]
  0x0000016fcf1f4800 JavaThread "Asynchronous log dispatcher for DefaultDaemonConnection: socket connection from /127.0.0.1:51578 to /127.0.0.1:51580" [_thread_blocked, id=11188, stack(0x0000003943700000,0x0000003943800000)]
  0x0000016fced6e000 JavaThread "Stdin handler" [_thread_blocked, id=2388, stack(0x0000003943800000,0x0000003943900000)]
  0x0000016fce0b8800 JavaThread "Daemon client event forwarder" [_thread_blocked, id=1512, stack(0x0000003943900000,0x0000003943a00000)]
  0x0000016fce0bb000 JavaThread "Cache worker for journal cache (C:\Users\nasri\.gradle\caches\journal-1)" [_thread_blocked, id=1684, stack(0x0000003943a00000,0x0000003943b00000)]
  0x0000016fce0b9800 JavaThread "File lock request listener" [_thread_in_native, id=2616, stack(0x0000003943b00000,0x0000003943c00000)]
  0x0000016fce0bc800 JavaThread "Cache worker for file hash cache (C:\Users\nasri\.gradle\caches\7.2\fileHashes)" [_thread_blocked, id=10160, stack(0x0000003943c00000,0x0000003943d00000)]
  0x0000016fce0b8000 JavaThread "Cache worker for file hash cache (C:\Users\nasri\AndroidStudioProjects\MyFirstApplication\.gradle\7.2\fileHashes)" [_thread_blocked, id=6780, stack(0x0000003943e00000,0x0000003943f00000)]
  0x0000016fce0ba000 JavaThread "File watcher server" daemon [_thread_in_native, id=9312, stack(0x0000003943f00000,0x0000003944000000)]
  0x0000016fce0bc000 JavaThread "File watcher consumer" daemon [_thread_blocked, id=10272, stack(0x0000003944000000,0x0000003944100000)]
  0x0000016fce0b7000 JavaThread "jar transforms" [_thread_blocked, id=10688, stack(0x0000003944100000,0x0000003944200000)]
  0x0000016fce0bd800 JavaThread "jar transforms Thread 2" [_thread_blocked, id=10592, stack(0x0000003944200000,0x0000003944300000)]
  0x0000016fd168f800 JavaThread "jar transforms Thread 3" [_thread_blocked, id=8032, stack(0x0000003944300000,0x0000003944400000)]
  0x0000016fd1689800 JavaThread "jar transforms Thread 4" [_thread_blocked, id=6184, stack(0x0000003944400000,0x0000003944500000)]
  0x0000016fd168a800 JavaThread "Cache worker for checksums cache (C:\Users\nasri\AndroidStudioProjects\MyFirstApplication\.gradle\checksums)" [_thread_blocked, id=5660, stack(0x0000003944500000,0x0000003944600000)]
  0x0000016fd168e800 JavaThread "Cache worker for cache directory md-supplier (C:\Users\nasri\.gradle\caches\7.2\md-supplier)" [_thread_blocked, id=3576, stack(0x0000003944600000,0x0000003944700000)]
  0x0000016fd1690000 JavaThread "Cache worker for cache directory md-rule (C:\Users\nasri\.gradle\caches\7.2\md-rule)" [_thread_blocked, id=5616, stack(0x0000003944700000,0x0000003944800000)]
  0x0000016fd168d000 JavaThread "Cache worker for execution history cache (C:\Users\nasri\.gradle\caches\7.2\executionHistory)" [_thread_blocked, id=7784, stack(0x0000003944800000,0x0000003944900000)]
=>0x0000016fceaeb800 JavaThread "C2 CompilerThread1" daemon [_thread_in_native, id=8044, stack(0x0000003943d00000,0x0000003943e00000)]
  0x0000016fd168b800 JavaThread "Cache worker for file content cache (C:\Users\nasri\.gradle\caches\7.2\fileContent)" [_thread_blocked, id=672, stack(0x0000003944900000,0x0000003944a00000)]
  0x0000016fd1692800 JavaThread "Cache worker for dependencies-accessors (C:\Users\nasri\AndroidStudioProjects\MyFirstApplication\.gradle\7.2\dependencies-accessors)" [_thread_blocked, id=824, stack(0x0000003944a00000,0x0000003944b00000)]
  0x0000016fd168d800 JavaThread "Cache worker for Build Output Cleanup Cache (C:\Users\nasri\AndroidStudioProjects\MyFirstApplication\.gradle\buildOutputCleanup)" [_thread_blocked, id=9836, stack(0x0000003944b00000,0x0000003944c00000)]
  0x0000016fd1697800 JavaThread "Unconstrained build operations" [_thread_blocked, id=1112, stack(0x0000003944c00000,0x0000003944d00000)]
  0x0000016fd1694000 JavaThread "Unconstrained build operations Thread 2" [_thread_blocked, id=1660, stack(0x0000003944d00000,0x0000003944e00000)]
  0x0000016fd1695000 JavaThread "Unconstrained build operations Thread 3" [_thread_blocked, id=1052, stack(0x0000003944e00000,0x0000003944f00000)]
  0x0000016fd1696000 JavaThread "Unconstrained build operations Thread 4" [_thread_blocked, id=6444, stack(0x0000003944f00000,0x0000003945000000)]
  0x0000016fd1698800 JavaThread "Unconstrained build operations Thread 5" [_thread_blocked, id=10268, stack(0x0000003945000000,0x0000003945100000)]
  0x0000016fd1696800 JavaThread "Unconstrained build operations Thread 6" [_thread_blocked, id=1452, stack(0x0000003945100000,0x0000003945200000)]
  0x0000016fcdb1d000 JavaThread "Unconstrained build operations Thread 7" [_thread_blocked, id=7224, stack(0x0000003945200000,0x0000003945300000)]
  0x0000016fcdb1d800 JavaThread "Unconstrained build operations Thread 8" [_thread_blocked, id=12012, stack(0x0000003945300000,0x0000003945400000)]
  0x0000016fcdb1a800 JavaThread "Unconstrained build operations Thread 9" [_thread_blocked, id=9116, stack(0x0000003945400000,0x0000003945500000)]
  0x0000016fcdb18000 JavaThread "Unconstrained build operations Thread 10" [_thread_blocked, id=2376, stack(0x0000003945500000,0x0000003945600000)]
  0x0000016fcdb1e800 JavaThread "Unconstrained build operations Thread 11" [_thread_blocked, id=6416, stack(0x0000003945600000,0x0000003945700000)]
  0x0000016fcdb19000 JavaThread "Unconstrained build operations Thread 12" [_thread_blocked, id=12208, stack(0x0000003945700000,0x0000003945800000)]
  0x0000016fcdb19800 JavaThread "Unconstrained build operations Thread 13" [_thread_blocked, id=1704, stack(0x0000003945800000,0x0000003945900000)]
  0x0000016fcdb21000 JavaThread "Unconstrained build operations Thread 14" [_thread_blocked, id=3580, stack(0x0000003945900000,0x0000003945a00000)]
  0x0000016fcdb1f800 JavaThread "Unconstrained build operations Thread 15" [_thread_blocked, id=11424, stack(0x0000003945a00000,0x0000003945b00000)]
  0x0000016fcdb20000 JavaThread "Unconstrained build operations Thread 16" [_thread_blocked, id=11848, stack(0x0000003945b00000,0x0000003945c00000)]
  0x0000016fcdb1b800 JavaThread "Unconstrained build operations Thread 17" [_thread_blocked, id=3300, stack(0x0000003945c00000,0x0000003945d00000)]
  0x0000016fcdb22000 JavaThread "Unconstrained build operations Thread 18" [_thread_blocked, id=5324, stack(0x0000003945d00000,0x0000003945e00000)]
  0x0000016fcdb1c000 JavaThread "Unconstrained build operations Thread 19" [_thread_blocked, id=6828, stack(0x0000003945e00000,0x0000003945f00000)]
  0x0000016fcdb22800 JavaThread "Unconstrained build operations Thread 20" [_thread_blocked, id=11704, stack(0x0000003945f00000,0x0000003946000000)]
  0x0000016fcdb24800 JavaThread "Unconstrained build operations Thread 21" [_thread_blocked, id=3900, stack(0x0000003946000000,0x0000003946100000)]
  0x0000016fcdb23800 JavaThread "Unconstrained build operations Thread 22" [_thread_blocked, id=9060, stack(0x0000003946100000,0x0000003946200000)]
  0x0000016fcdb25000 JavaThread "Unconstrained build operations Thread 23" [_thread_blocked, id=2476, stack(0x0000003946200000,0x0000003946300000)]
  0x0000016fcdb26000 JavaThread "Unconstrained build operations Thread 24" [_thread_blocked, id=4140, stack(0x0000003946300000,0x0000003946400000)]
  0x0000016fcdb26800 JavaThread "Unconstrained build operations Thread 25" [_thread_blocked, id=3688, stack(0x0000003946400000,0x0000003946500000)]
  0x0000016fcf394800 JavaThread "Unconstrained build operations Thread 26" [_thread_blocked, id=9752, stack(0x0000003946500000,0x0000003946600000)]
  0x0000016fcf391800 JavaThread "Unconstrained build operations Thread 27" [_thread_blocked, id=7464, stack(0x0000003946600000,0x0000003946700000)]
  0x0000016fcf396000 JavaThread "Unconstrained build operations Thread 28" [_thread_blocked, id=1864, stack(0x0000003946700000,0x0000003946800000)]
  0x0000016fcf397000 JavaThread "Unconstrained build operations Thread 29" [_thread_blocked, id=4968, stack(0x0000003946800000,0x0000003946900000)]
  0x0000016fcf398000 JavaThread "Unconstrained build operations Thread 30" [_thread_blocked, id=2176, stack(0x0000003946900000,0x0000003946a00000)]
  0x0000016fcf392000 JavaThread "Unconstrained build operations Thread 31" [_thread_blocked, id=10564, stack(0x0000003946a00000,0x0000003946b00000)]
  0x0000016fcf393800 JavaThread "Unconstrained build operations Thread 32" [_thread_blocked, id=7952, stack(0x0000003946b00000,0x0000003946c00000)]
  0x0000016fcf395800 JavaThread "Unconstrained build operations Thread 33" [_thread_blocked, id=6260, stack(0x0000003946c00000,0x0000003946d00000)]
  0x0000016fcf398800 JavaThread "Unconstrained build operations Thread 34" [_thread_blocked, id=7940, stack(0x0000003946d00000,0x0000003946e00000)]
  0x0000016fcf393000 JavaThread "Unconstrained build operations Thread 35" [_thread_blocked, id=11116, stack(0x0000003946e00000,0x0000003946f00000)]
  0x0000016fcf39d800 JavaThread "Unconstrained build operations Thread 36" [_thread_blocked, id=9768, stack(0x0000003946f00000,0x0000003947000000)]
  0x0000016fcf39a800 JavaThread "Unconstrained build operations Thread 37" [_thread_blocked, id=11272, stack(0x0000003947000000,0x0000003947100000)]
  0x0000016fcf39c800 JavaThread "Unconstrained build operations Thread 38" [_thread_blocked, id=9524, stack(0x0000003947100000,0x0000003947200000)]
  0x0000016fcf39e800 JavaThread "Unconstrained build operations Thread 39" [_thread_blocked, id=6952, stack(0x0000003947200000,0x0000003947300000)]
  0x0000016fcf39f000 JavaThread "Unconstrained build operations Thread 40" [_thread_blocked, id=7328, stack(0x0000003947300000,0x0000003947400000)]

Other Threads:
  0x0000016fcb69b800 VMThread "VM Thread" [stack: 0x0000003942200000,0x0000003942300000] [id=11076]
  0x0000016fcc090800 WatcherThread [stack: 0x0000003942c00000,0x0000003942d00000] [id=2032]
  0x0000016fb12e3000 GCTaskThread "GC Thread#0" [stack: 0x0000003941d00000,0x0000003941e00000] [id=8200]
  0x0000016fcc6d4800 GCTaskThread "GC Thread#1" [stack: 0x0000003942e00000,0x0000003942f00000] [id=9816]
  0x0000016fcc9b8800 GCTaskThread "GC Thread#2" [stack: 0x0000003942f00000,0x0000003943000000] [id=7388]
  0x0000016fcc460800 GCTaskThread "GC Thread#3" [stack: 0x0000003943000000,0x0000003943100000] [id=1408]
  0x0000016fb1315800 ConcurrentGCThread "G1 Main Marker" [stack: 0x0000003941e00000,0x0000003941f00000] [id=9536]
  0x0000016fb1317800 ConcurrentGCThread "G1 Conc#0" [stack: 0x0000003941f00000,0x0000003942000000] [id=8300]
  0x0000016fcb4ec800 ConcurrentGCThread "G1 Refine#0" [stack: 0x0000003942000000,0x0000003942100000] [id=12160]
  0x0000016fcb4ed000 ConcurrentGCThread "G1 Young RemSet Sampling" [stack: 0x0000003942100000,0x0000003942200000] [id=11252]

Threads with active compile tasks:
C2 CompilerThread0  16798 6598       4       sun.nio.fs.WindowsPathParser::normalize (233 bytes)
C2 CompilerThread1  16798 6402       4       org.gradle.internal.serialize.kryo.StringDeduplicatingKryoBackedEncoder::writeNullableString (114 bytes)

VM state:not at safepoint (normal execution)

VM Mutex/Monitor currently owned by a thread: None

Heap address: 0x0000000080000000, size: 2048 MB, Compressed Oops mode: 32-bit
Narrow klass base: 0x0000000000000000, Narrow klass shift: 3
Compressed class space size: 1073741824 Address: 0x0000000100000000

Heap:
 garbage-first heap   total 233472K, used 82635K [0x0000000080000000, 0x0000000100000000)
  region size 1024K, 36 young (36864K), 13 survivors (13312K)
 Metaspace       used 56081K, capacity 57821K, committed 58056K, reserved 1099776K
  class space    used 7185K, capacity 7772K, committed 7808K, reserved 1048576K
Heap Regions: E=young(eden), S=young(survivor), O=old, HS=humongous(starts), HC=humongous(continues), CS=collection set, F=free, A=archive, TAMS=top-at-mark-start (previous, next)
|   0|0x0000000080000000, 0x0000000080100000, 0x0000000080100000|100%| O|  |TAMS 0x0000000080100000, 0x0000000080000000| Untracked 
|   1|0x0000000080100000, 0x0000000080200000, 0x0000000080200000|100%| O|  |TAMS 0x0000000080200000, 0x0000000080100000| Untracked 
|   2|0x0000000080200000, 0x0000000080300000, 0x0000000080300000|100%| O|  |TAMS 0x0000000080300000, 0x0000000080200000| Untracked 
|   3|0x0000000080300000, 0x0000000080400000, 0x0000000080400000|100%|HS|  |TAMS 0x0000000080400000, 0x0000000080300000| Complete 
|   4|0x0000000080400000, 0x0000000080500000, 0x0000000080500000|100%|HC|  |TAMS 0x0000000080500000, 0x0000000080400000| Complete 
|   5|0x0000000080500000, 0x0000000080600000, 0x0000000080600000|100%|HC|  |TAMS 0x0000000080600000, 0x0000000080500000| Complete 
|   6|0x0000000080600000, 0x0000000080700000, 0x0000000080700000|100%| O|  |TAMS 0x0000000080700000, 0x0000000080600000| Untracked 
|   7|0x0000000080700000, 0x0000000080800000, 0x0000000080800000|100%| O|  |TAMS 0x0000000080800000, 0x0000000080700000| Untracked 
|   8|0x0000000080800000, 0x0000000080900000, 0x0000000080900000|100%| O|  |TAMS 0x0000000080900000, 0x0000000080800000| Untracked 
|   9|0x0000000080900000, 0x0000000080a00000, 0x0000000080a00000|100%|HS|  |TAMS 0x0000000080a00000, 0x0000000080900000| Complete 
|  10|0x0000000080a00000, 0x0000000080b00000, 0x0000000080b00000|100%|HC|  |TAMS 0x0000000080b00000, 0x0000000080a00000| Complete 
|  11|0x0000000080b00000, 0x0000000080c00000, 0x0000000080c00000|100%|HS|  |TAMS 0x0000000080c00000, 0x0000000080b00000| Complete 
|  12|0x0000000080c00000, 0x0000000080d00000, 0x0000000080d00000|100%|HC|  |TAMS 0x0000000080d00000, 0x0000000080c00000| Complete 
|  13|0x0000000080d00000, 0x0000000080e00000, 0x0000000080e00000|100%|HC|  |TAMS 0x0000000080e00000, 0x0000000080d00000| Complete 
|  14|0x0000000080e00000, 0x0000000080f00000, 0x0000000080f00000|100%|HS|  |TAMS 0x0000000080f00000, 0x0000000080e00000| Complete 
|  15|0x0000000080f00000, 0x0000000081000000, 0x0000000081000000|100%|HC|  |TAMS 0x0000000081000000, 0x0000000080f00000| Complete 
|  16|0x0000000081000000, 0x0000000081100000, 0x0000000081100000|100%|HC|  |TAMS 0x0000000081100000, 0x0000000081000000| Complete 
|  17|0x0000000081100000, 0x0000000081200000, 0x0000000081200000|100%|HC|  |TAMS 0x0000000081200000, 0x0000000081100000| Complete 
|  18|0x0000000081200000, 0x0000000081300000, 0x0000000081300000|100%| O|  |TAMS 0x0000000081300000, 0x0000000081200000| Untracked 
|  19|0x0000000081300000, 0x0000000081400000, 0x0000000081400000|100%| O|  |TAMS 0x0000000081400000, 0x0000000081300000| Untracked 
|  20|0x0000000081400000, 0x0000000081500000, 0x0000000081500000|100%| O|  |TAMS 0x0000000081500000, 0x0000000081400000| Untracked 
|  21|0x0000000081500000, 0x0000000081600000, 0x0000000081600000|100%| O|  |TAMS 0x0000000081600000, 0x0000000081500000| Untracked 
|  22|0x0000000081600000, 0x0000000081700000, 0x0000000081700000|100%| O|  |TAMS 0x0000000081700000, 0x0000000081600000| Untracked 
|  23|0x0000000081700000, 0x0000000081800000, 0x0000000081800000|100%| O|  |TAMS 0x0000000081800000, 0x0000000081700000| Untracked 
|  24|0x0000000081800000, 0x0000000081900000, 0x0000000081900000|100%| O|  |TAMS 0x0000000081900000, 0x0000000081800000| Untracked 
|  25|0x0000000081900000, 0x0000000081a00000, 0x0000000081a00000|100%| O|  |TAMS 0x00000000819e1a00, 0x0000000081900000| Untracked 
|  26|0x0000000081a00000, 0x0000000081b00000, 0x0000000081b00000|100%|HS|  |TAMS 0x0000000081a00000, 0x0000000081a00000| Complete 
|  27|0x0000000081b00000, 0x0000000081c00000, 0x0000000081c00000|100%|HC|  |TAMS 0x0000000081b00000, 0x0000000081b00000| Complete 
|  28|0x0000000081c00000, 0x0000000081d00000, 0x0000000081d00000|100%|HC|  |TAMS 0x0000000081c00000, 0x0000000081c00000| Complete 
|  29|0x0000000081d00000, 0x0000000081e00000, 0x0000000081e00000|100%| O|  |TAMS 0x0000000081d00000, 0x0000000081d00000| Untracked 
|  30|0x0000000081e00000, 0x0000000081f00000, 0x0000000081f00000|100%| O|  |TAMS 0x0000000081e00000, 0x0000000081e00000| Untracked 
|  31|0x0000000081f00000, 0x0000000082000000, 0x0000000082000000|100%| O|  |TAMS 0x0000000081f00000, 0x0000000081f00000| Untracked 
|  32|0x0000000082000000, 0x0000000082100000, 0x0000000082100000|100%| O|  |TAMS 0x0000000082000000, 0x0000000082000000| Untracked 
|  33|0x0000000082100000, 0x0000000082200000, 0x0000000082200000|100%| O|  |TAMS 0x0000000082100000, 0x0000000082100000| Untracked 
|  34|0x0000000082200000, 0x0000000082300000, 0x0000000082300000|100%| O|  |TAMS 0x0000000082200000, 0x0000000082200000| Untracked 
|  35|0x0000000082300000, 0x0000000082400000, 0x0000000082400000|100%| O|  |TAMS 0x0000000082300000, 0x0000000082300000| Untracked 
|  36|0x0000000082400000, 0x0000000082400000, 0x0000000082500000|  0%| F|  |TAMS 0x0000000082400000, 0x0000000082400000| Untracked 
|  37|0x0000000082500000, 0x0000000082600000, 0x0000000082600000|100%|HS|  |TAMS 0x0000000082500000, 0x0000000082500000| Complete 
|  38|0x0000000082600000, 0x0000000082700000, 0x0000000082700000|100%|HC|  |TAMS 0x0000000082600000, 0x0000000082600000| Complete 
|  39|0x0000000082700000, 0x0000000082800000, 0x0000000082800000|100%|HC|  |TAMS 0x0000000082700000, 0x0000000082700000| Complete 
|  40|0x0000000082800000, 0x0000000082900000, 0x0000000082900000|100%|HC|  |TAMS 0x0000000082800000, 0x0000000082800000| Complete 
|  41|0x0000000082900000, 0x0000000082a00000, 0x0000000082a00000|100%| O|  |TAMS 0x0000000082900000, 0x0000000082900000| Untracked 
|  42|0x0000000082a00000, 0x0000000082b00000, 0x0000000082b00000|100%| O|  |TAMS 0x0000000082a00000, 0x0000000082a00000| Untracked 
|  43|0x0000000082b00000, 0x0000000082c00000, 0x0000000082c00000|100%| O|  |TAMS 0x0000000082b00000, 0x0000000082b00000| Untracked 
|  44|0x0000000082c00000, 0x0000000082d00000, 0x0000000082d00000|100%| O|  |TAMS 0x0000000082c00000, 0x0000000082c00000| Untracked 
|  45|0x0000000082d00000, 0x0000000082e00000, 0x0000000082e00000|100%| O|  |TAMS 0x0000000082d00000, 0x0000000082d00000| Untracked 
|  46|0x0000000082e00000, 0x0000000082f00000, 0x0000000082f00000|100%| O|  |TAMS 0x0000000082e00000, 0x0000000082e00000| Untracked 
|  47|0x0000000082f00000, 0x0000000082f32e00, 0x0000000083000000| 19%| O|  |TAMS 0x0000000082f00000, 0x0000000082f00000| Untracked 
|  48|0x0000000083000000, 0x0000000083000000, 0x0000000083100000|  0%| F|  |TAMS 0x0000000083000000, 0x0000000083000000| Untracked 
|  49|0x0000000083100000, 0x0000000083100000, 0x0000000083200000|  0%| F|  |TAMS 0x0000000083100000, 0x0000000083100000| Untracked 
|  50|0x0000000083200000, 0x0000000083200000, 0x0000000083300000|  0%| F|  |TAMS 0x0000000083200000, 0x0000000083200000| Untracked 
|  51|0x0000000083300000, 0x0000000083300000, 0x0000000083400000|  0%| F|  |TAMS 0x0000000083300000, 0x0000000083300000| Untracked 
|  52|0x0000000083400000, 0x0000000083400000, 0x0000000083500000|  0%| F|  |TAMS 0x0000000083400000, 0x0000000083400000| Untracked 
|  53|0x0000000083500000, 0x0000000083500000, 0x0000000083600000|  0%| F|  |TAMS 0x0000000083500000, 0x0000000083500000| Untracked 
|  54|0x0000000083600000, 0x0000000083600000, 0x0000000083700000|  0%| F|  |TAMS 0x0000000083600000, 0x0000000083600000| Untracked 
|  55|0x0000000083700000, 0x0000000083700000, 0x0000000083800000|  0%| F|  |TAMS 0x0000000083700000, 0x0000000083700000| Untracked 
|  56|0x0000000083800000, 0x0000000083800000, 0x0000000083900000|  0%| F|  |TAMS 0x0000000083800000, 0x0000000083800000| Untracked 
|  57|0x0000000083900000, 0x0000000083900000, 0x0000000083a00000|  0%| F|  |TAMS 0x0000000083900000, 0x0000000083900000| Untracked 
|  58|0x0000000083a00000, 0x0000000083a00000, 0x0000000083b00000|  0%| F|  |TAMS 0x0000000083a00000, 0x0000000083a00000| Untracked 
|  59|0x0000000083b00000, 0x0000000083b00000, 0x0000000083c00000|  0%| F|  |TAMS 0x0000000083b00000, 0x0000000083b00000| Untracked 
|  60|0x0000000083c00000, 0x0000000083c00000, 0x0000000083d00000|  0%| F|  |TAMS 0x0000000083c00000, 0x0000000083c00000| Untracked 
|  61|0x0000000083d00000, 0x0000000083d00000, 0x0000000083e00000|  0%| F|  |TAMS 0x0000000083d00000, 0x0000000083d00000| Untracked 
|  62|0x0000000083e00000, 0x0000000083e00000, 0x0000000083f00000|  0%| F|  |TAMS 0x0000000083e00000, 0x0000000083e00000| Untracked 
|  63|0x0000000083f00000, 0x0000000083f00000, 0x0000000084000000|  0%| F|  |TAMS 0x0000000083f00000, 0x0000000083f00000| Untracked 
|  64|0x0000000084000000, 0x0000000084000000, 0x0000000084100000|  0%| F|  |TAMS 0x0000000084000000, 0x0000000084000000| Untracked 
|  65|0x0000000084100000, 0x0000000084100000, 0x0000000084200000|  0%| F|  |TAMS 0x0000000084100000, 0x0000000084100000| Untracked 
|  66|0x0000000084200000, 0x0000000084200000, 0x0000000084300000|  0%| F|  |TAMS 0x0000000084200000, 0x0000000084200000| Untracked 
|  67|0x0000000084300000, 0x0000000084300000, 0x0000000084400000|  0%| F|  |TAMS 0x0000000084300000, 0x0000000084300000| Untracked 
|  68|0x0000000084400000, 0x0000000084400000, 0x0000000084500000|  0%| F|  |TAMS 0x0000000084400000, 0x0000000084400000| Untracked 
|  69|0x0000000084500000, 0x0000000084500000, 0x0000000084600000|  0%| F|  |TAMS 0x0000000084500000, 0x0000000084500000| Untracked 
|  70|0x0000000084600000, 0x0000000084600000, 0x0000000084700000|  0%| F|  |TAMS 0x0000000084600000, 0x0000000084600000| Untracked 
|  71|0x0000000084700000, 0x0000000084700000, 0x0000000084800000|  0%| F|  |TAMS 0x0000000084700000, 0x0000000084700000| Untracked 
|  72|0x0000000084800000, 0x0000000084800000, 0x0000000084900000|  0%| F|  |TAMS 0x0000000084800000, 0x0000000084800000| Untracked 
|  73|0x0000000084900000, 0x0000000084900000, 0x0000000084a00000|  0%| F|  |TAMS 0x0000000084900000, 0x0000000084900000| Untracked 
|  74|0x0000000084a00000, 0x0000000084a00000, 0x0000000084b00000|  0%| F|  |TAMS 0x0000000084a00000, 0x0000000084a00000| Untracked 
|  75|0x0000000084b00000, 0x0000000084b00000, 0x0000000084c00000|  0%| F|  |TAMS 0x0000000084b00000, 0x0000000084b00000| Untracked 
|  76|0x0000000084c00000, 0x0000000084c00000, 0x0000000084d00000|  0%| F|  |TAMS 0x0000000084c00000, 0x0000000084c00000| Untracked 
|  77|0x0000000084d00000, 0x0000000084d00000, 0x0000000084e00000|  0%| F|  |TAMS 0x0000000084d00000, 0x0000000084d00000| Untracked 
|  78|0x0000000084e00000, 0x0000000084e00000, 0x0000000084f00000|  0%| F|  |TAMS 0x0000000084e00000, 0x0000000084e00000| Untracked 
|  79|0x0000000084f00000, 0x0000000084f00000, 0x0000000085000000|  0%| F|  |TAMS 0x0000000084f00000, 0x0000000084f00000| Untracked 
|  80|0x0000000085000000, 0x0000000085000000, 0x0000000085100000|  0%| F|  |TAMS 0x0000000085000000, 0x0000000085000000| Untracked 
|  81|0x0000000085100000, 0x0000000085100000, 0x0000000085200000|  0%| F|  |TAMS 0x0000000085100000, 0x0000000085100000| Untracked 
|  82|0x0000000085200000, 0x0000000085200000, 0x0000000085300000|  0%| F|  |TAMS 0x0000000085200000, 0x0000000085200000| Untracked 
|  83|0x0000000085300000, 0x0000000085300000, 0x0000000085400000|  0%| F|  |TAMS 0x0000000085300000, 0x0000000085300000| Untracked 
|  84|0x0000000085400000, 0x0000000085400000, 0x0000000085500000|  0%| F|  |TAMS 0x0000000085400000, 0x0000000085400000| Untracked 
|  85|0x0000000085500000, 0x0000000085500000, 0x0000000085600000|  0%| F|  |TAMS 0x0000000085500000, 0x0000000085500000| Untracked 
|  86|0x0000000085600000, 0x0000000085600000, 0x0000000085700000|  0%| F|  |TAMS 0x0000000085600000, 0x0000000085600000| Untracked 
|  87|0x0000000085700000, 0x0000000085700000, 0x0000000085800000|  0%| F|  |TAMS 0x0000000085700000, 0x0000000085700000| Untracked 
|  88|0x0000000085800000, 0x0000000085800000, 0x0000000085900000|  0%| F|  |TAMS 0x0000000085800000, 0x0000000085800000| Untracked 
|  89|0x0000000085900000, 0x0000000085900000, 0x0000000085a00000|  0%| F|  |TAMS 0x0000000085900000, 0x0000000085900000| Untracked 
|  90|0x0000000085a00000, 0x0000000085a00000, 0x0000000085b00000|  0%| F|  |TAMS 0x0000000085a00000, 0x0000000085a00000| Untracked 
|  91|0x0000000085b00000, 0x0000000085b00000, 0x0000000085c00000|  0%| F|  |TAMS 0x0000000085b00000, 0x0000000085b00000| Untracked 
|  92|0x0000000085c00000, 0x0000000085c80000, 0x0000000085d00000| 50%| S|CS|TAMS 0x0000000085c00000, 0x0000000085c00000| Complete 
|  93|0x0000000085d00000, 0x0000000085e00000, 0x0000000085e00000|100%| S|CS|TAMS 0x0000000085d00000, 0x0000000085d00000| Complete 
|  94|0x0000000085e00000, 0x0000000085f00000, 0x0000000085f00000|100%| S|CS|TAMS 0x0000000085e00000, 0x0000000085e00000| Complete 
|  95|0x0000000085f00000, 0x0000000086000000, 0x0000000086000000|100%| S|CS|TAMS 0x0000000085f00000, 0x0000000085f00000| Complete 
|  96|0x0000000086000000, 0x0000000086100000, 0x0000000086100000|100%| S|CS|TAMS 0x0000000086000000, 0x0000000086000000| Complete 
|  97|0x0000000086100000, 0x0000000086200000, 0x0000000086200000|100%| S|CS|TAMS 0x0000000086100000, 0x0000000086100000| Complete 
|  98|0x0000000086200000, 0x0000000086300000, 0x0000000086300000|100%| S|CS|TAMS 0x0000000086200000, 0x0000000086200000| Complete 
|  99|0x0000000086300000, 0x0000000086400000, 0x0000000086400000|100%| S|CS|TAMS 0x0000000086300000, 0x0000000086300000| Complete 
| 100|0x0000000086400000, 0x0000000086500000, 0x0000000086500000|100%| S|CS|TAMS 0x0000000086400000, 0x0000000086400000| Complete 
| 101|0x0000000086500000, 0x0000000086600000, 0x0000000086600000|100%| S|CS|TAMS 0x0000000086500000, 0x0000000086500000| Complete 
| 102|0x0000000086600000, 0x0000000086700000, 0x0000000086700000|100%| S|CS|TAMS 0x0000000086600000, 0x0000000086600000| Complete 
| 103|0x0000000086700000, 0x0000000086800000, 0x0000000086800000|100%| S|CS|TAMS 0x0000000086700000, 0x0000000086700000| Complete 
| 104|0x0000000086800000, 0x0000000086900000, 0x0000000086900000|100%| S|CS|TAMS 0x0000000086800000, 0x0000000086800000| Complete 
| 105|0x0000000086900000, 0x0000000086900000, 0x0000000086a00000|  0%| F|  |TAMS 0x0000000086900000, 0x0000000086900000| Untracked 
| 106|0x0000000086a00000, 0x0000000086a00000, 0x0000000086b00000|  0%| F|  |TAMS 0x0000000086a00000, 0x0000000086a00000| Untracked 
| 107|0x0000000086b00000, 0x0000000086b00000, 0x0000000086c00000|  0%| F|  |TAMS 0x0000000086b00000, 0x0000000086b00000| Untracked 
| 108|0x0000000086c00000, 0x0000000086c00000, 0x0000000086d00000|  0%| F|  |TAMS 0x0000000086c00000, 0x0000000086c00000| Untracked 
| 109|0x0000000086d00000, 0x0000000086d00000, 0x0000000086e00000|  0%| F|  |TAMS 0x0000000086d00000, 0x0000000086d00000| Untracked 
| 110|0x0000000086e00000, 0x0000000086e00000, 0x0000000086f00000|  0%| F|  |TAMS 0x0000000086e00000, 0x0000000086e00000| Untracked 
| 111|0x0000000086f00000, 0x0000000086f00000, 0x0000000087000000|  0%| F|  |TAMS 0x0000000086f00000, 0x0000000086f00000| Untracked 
| 112|0x0000000087000000, 0x0000000087000000, 0x0000000087100000|  0%| F|  |TAMS 0x0000000087000000, 0x0000000087000000| Untracked 
| 113|0x0000000087100000, 0x0000000087100000, 0x0000000087200000|  0%| F|  |TAMS 0x0000000087100000, 0x0000000087100000| Untracked 
| 114|0x0000000087200000, 0x0000000087200000, 0x0000000087300000|  0%| F|  |TAMS 0x0000000087200000, 0x0000000087200000| Untracked 
| 115|0x0000000087300000, 0x0000000087300000, 0x0000000087400000|  0%| F|  |TAMS 0x0000000087300000, 0x0000000087300000| Untracked 
| 116|0x0000000087400000, 0x0000000087400000, 0x0000000087500000|  0%| F|  |TAMS 0x0000000087400000, 0x0000000087400000| Untracked 
| 117|0x0000000087500000, 0x0000000087500000, 0x0000000087600000|  0%| F|  |TAMS 0x0000000087500000, 0x0000000087500000| Untracked 
| 118|0x0000000087600000, 0x0000000087600000, 0x0000000087700000|  0%| F|  |TAMS 0x0000000087600000, 0x0000000087600000| Untracked 
| 119|0x0000000087700000, 0x0000000087700000, 0x0000000087800000|  0%| F|  |TAMS 0x0000000087700000, 0x0000000087700000| Untracked 
| 120|0x0000000087800000, 0x0000000087800000, 0x0000000087900000|  0%| F|  |TAMS 0x0000000087800000, 0x0000000087800000| Untracked 
| 121|0x0000000087900000, 0x0000000087900000, 0x0000000087a00000|  0%| F|  |TAMS 0x0000000087900000, 0x0000000087900000| Untracked 
| 122|0x0000000087a00000, 0x0000000087a00000, 0x0000000087b00000|  0%| F|  |TAMS 0x0000000087a00000, 0x0000000087a00000| Untracked 
| 123|0x0000000087b00000, 0x0000000087b00000, 0x0000000087c00000|  0%| F|  |TAMS 0x0000000087b00000, 0x0000000087b00000| Untracked 
| 124|0x0000000087c00000, 0x0000000087c00000, 0x0000000087d00000|  0%| F|  |TAMS 0x0000000087c00000, 0x0000000087c00000| Untracked 
| 125|0x0000000087d00000, 0x0000000087d00000, 0x0000000087e00000|  0%| F|  |TAMS 0x0000000087d00000, 0x0000000087d00000| Untracked 
| 126|0x0000000087e00000, 0x0000000087e00000, 0x0000000087f00000|  0%| F|  |TAMS 0x0000000087e00000, 0x0000000087e00000| Untracked 
| 127|0x0000000087f00000, 0x0000000087f00000, 0x0000000088000000|  0%| F|  |TAMS 0x0000000087f00000, 0x0000000087f00000| Untracked 
| 128|0x0000000088000000, 0x0000000088000000, 0x0000000088100000|  0%| F|  |TAMS 0x0000000088000000, 0x0000000088000000| Untracked 
| 129|0x0000000088100000, 0x0000000088100000, 0x0000000088200000|  0%| F|  |TAMS 0x0000000088100000, 0x0000000088100000| Untracked 
| 130|0x0000000088200000, 0x0000000088200000, 0x0000000088300000|  0%| F|  |TAMS 0x0000000088200000, 0x0000000088200000| Untracked 
| 131|0x0000000088300000, 0x0000000088300000, 0x0000000088400000|  0%| F|  |TAMS 0x0000000088300000, 0x0000000088300000| Untracked 
| 132|0x0000000088400000, 0x0000000088400000, 0x0000000088500000|  0%| F|  |TAMS 0x0000000088400000, 0x0000000088400000| Untracked 
| 133|0x0000000088500000, 0x0000000088500000, 0x0000000088600000|  0%| F|  |TAMS 0x0000000088500000, 0x0000000088500000| Untracked 
| 134|0x0000000088600000, 0x0000000088600000, 0x0000000088700000|  0%| F|  |TAMS 0x0000000088600000, 0x0000000088600000| Untracked 
| 135|0x0000000088700000, 0x0000000088700000, 0x0000000088800000|  0%| F|  |TAMS 0x0000000088700000, 0x0000000088700000| Untracked 
| 136|0x0000000088800000, 0x0000000088800000, 0x0000000088900000|  0%| F|  |TAMS 0x0000000088800000, 0x0000000088800000| Untracked 
| 137|0x0000000088900000, 0x0000000088900000, 0x0000000088a00000|  0%| F|  |TAMS 0x0000000088900000, 0x0000000088900000| Untracked 
| 138|0x0000000088a00000, 0x0000000088a00000, 0x0000000088b00000|  0%| F|  |TAMS 0x0000000088a00000, 0x0000000088a00000| Untracked 
| 139|0x0000000088b00000, 0x0000000088b00000, 0x0000000088c00000|  0%| F|  |TAMS 0x0000000088b00000, 0x0000000088b00000| Untracked 
| 140|0x0000000088c00000, 0x0000000088c00000, 0x0000000088d00000|  0%| F|  |TAMS 0x0000000088c00000, 0x0000000088c00000| Untracked 
| 141|0x0000000088d00000, 0x0000000088d00000, 0x0000000088e00000|  0%| F|  |TAMS 0x0000000088d00000, 0x0000000088d00000| Untracked 
| 142|0x0000000088e00000, 0x0000000088e00000, 0x0000000088f00000|  0%| F|  |TAMS 0x0000000088e00000, 0x0000000088e00000| Untracked 
| 143|0x0000000088f00000, 0x0000000088f00000, 0x0000000089000000|  0%| F|  |TAMS 0x0000000088f00000, 0x0000000088f00000| Untracked 
| 144|0x0000000089000000, 0x0000000089000000, 0x0000000089100000|  0%| F|  |TAMS 0x0000000089000000, 0x0000000089000000| Untracked 
| 145|0x0000000089100000, 0x0000000089100000, 0x0000000089200000|  0%| F|  |TAMS 0x0000000089100000, 0x0000000089100000| Untracked 
| 146|0x0000000089200000, 0x0000000089200000, 0x0000000089300000|  0%| F|  |TAMS 0x0000000089200000, 0x0000000089200000| Untracked 
| 147|0x0000000089300000, 0x0000000089300000, 0x0000000089400000|  0%| F|  |TAMS 0x0000000089300000, 0x0000000089300000| Untracked 
| 148|0x0000000089400000, 0x0000000089400000, 0x0000000089500000|  0%| F|  |TAMS 0x0000000089400000, 0x0000000089400000| Untracked 
| 149|0x0000000089500000, 0x0000000089500000, 0x0000000089600000|  0%| F|  |TAMS 0x0000000089500000, 0x0000000089500000| Untracked 
| 150|0x0000000089600000, 0x0000000089600000, 0x0000000089700000|  0%| F|  |TAMS 0x0000000089600000, 0x0000000089600000| Untracked 
| 151|0x0000000089700000, 0x0000000089700000, 0x0000000089800000|  0%| F|  |TAMS 0x0000000089700000, 0x0000000089700000| Untracked 
| 152|0x0000000089800000, 0x0000000089800000, 0x0000000089900000|  0%| F|  |TAMS 0x0000000089800000, 0x0000000089800000| Untracked 
| 153|0x0000000089900000, 0x0000000089900000, 0x0000000089a00000|  0%| F|  |TAMS 0x0000000089900000, 0x0000000089900000| Untracked 
| 154|0x0000000089a00000, 0x0000000089a00000, 0x0000000089b00000|  0%| F|  |TAMS 0x0000000089a00000, 0x0000000089a00000| Untracked 
| 155|0x0000000089b00000, 0x0000000089b00000, 0x0000000089c00000|  0%| F|  |TAMS 0x0000000089b00000, 0x0000000089b00000| Untracked 
| 156|0x0000000089c00000, 0x0000000089c00000, 0x0000000089d00000|  0%| F|  |TAMS 0x0000000089c00000, 0x0000000089c00000| Untracked 
| 157|0x0000000089d00000, 0x0000000089d00000, 0x0000000089e00000|  0%| F|  |TAMS 0x0000000089d00000, 0x0000000089d00000| Untracked 
| 158|0x0000000089e00000, 0x0000000089e00000, 0x0000000089f00000|  0%| F|  |TAMS 0x0000000089e00000, 0x0000000089e00000| Untracked 
| 159|0x0000000089f00000, 0x0000000089f00000, 0x000000008a000000|  0%| F|  |TAMS 0x0000000089f00000, 0x0000000089f00000| Untracked 
| 160|0x000000008a000000, 0x000000008a000000, 0x000000008a100000|  0%| F|  |TAMS 0x000000008a000000, 0x000000008a000000| Untracked 
| 161|0x000000008a100000, 0x000000008a100000, 0x000000008a200000|  0%| F|  |TAMS 0x000000008a100000, 0x000000008a100000| Untracked 
| 162|0x000000008a200000, 0x000000008a200000, 0x000000008a300000|  0%| F|  |TAMS 0x000000008a200000, 0x000000008a200000| Untracked 
| 163|0x000000008a300000, 0x000000008a300000, 0x000000008a400000|  0%| F|  |TAMS 0x000000008a300000, 0x000000008a300000| Untracked 
| 164|0x000000008a400000, 0x000000008a400000, 0x000000008a500000|  0%| F|  |TAMS 0x000000008a400000, 0x000000008a400000| Untracked 
| 165|0x000000008a500000, 0x000000008a500000, 0x000000008a600000|  0%| F|  |TAMS 0x000000008a500000, 0x000000008a500000| Untracked 
| 166|0x000000008a600000, 0x000000008a600000, 0x000000008a700000|  0%| F|  |TAMS 0x000000008a600000, 0x000000008a600000| Untracked 
| 167|0x000000008a700000, 0x000000008a700000, 0x000000008a800000|  0%| F|  |TAMS 0x000000008a700000, 0x000000008a700000| Untracked 
| 168|0x000000008a800000, 0x000000008a800000, 0x000000008a900000|  0%| F|  |TAMS 0x000000008a800000, 0x000000008a800000| Untracked 
| 169|0x000000008a900000, 0x000000008a900000, 0x000000008aa00000|  0%| F|  |TAMS 0x000000008a900000, 0x000000008a900000| Untracked 
| 170|0x000000008aa00000, 0x000000008aa00000, 0x000000008ab00000|  0%| F|  |TAMS 0x000000008aa00000, 0x000000008aa00000| Untracked 
| 171|0x000000008ab00000, 0x000000008ab00000, 0x000000008ac00000|  0%| F|  |TAMS 0x000000008ab00000, 0x000000008ab00000| Untracked 
| 172|0x000000008ac00000, 0x000000008ac00000, 0x000000008ad00000|  0%| F|  |TAMS 0x000000008ac00000, 0x000000008ac00000| Untracked 
| 173|0x000000008ad00000, 0x000000008ad00000, 0x000000008ae00000|  0%| F|  |TAMS 0x000000008ad00000, 0x000000008ad00000| Untracked 
| 174|0x000000008ae00000, 0x000000008ae00000, 0x000000008af00000|  0%| F|  |TAMS 0x000000008ae00000, 0x000000008ae00000| Untracked 
| 175|0x000000008af00000, 0x000000008af00000, 0x000000008b000000|  0%| F|  |TAMS 0x000000008af00000, 0x000000008af00000| Untracked 
| 176|0x000000008b000000, 0x000000008b000000, 0x000000008b100000|  0%| F|  |TAMS 0x000000008b000000, 0x000000008b000000| Untracked 
| 177|0x000000008b100000, 0x000000008b100000, 0x000000008b200000|  0%| F|  |TAMS 0x000000008b100000, 0x000000008b100000| Untracked 
| 178|0x000000008b200000, 0x000000008b200000, 0x000000008b300000|  0%| F|  |TAMS 0x000000008b200000, 0x000000008b200000| Untracked 
| 179|0x000000008b300000, 0x000000008b300000, 0x000000008b400000|  0%| F|  |TAMS 0x000000008b300000, 0x000000008b300000| Untracked 
| 180|0x000000008b400000, 0x000000008b400000, 0x000000008b500000|  0%| F|  |TAMS 0x000000008b400000, 0x000000008b400000| Untracked 
| 181|0x000000008b500000, 0x000000008b500000, 0x000000008b600000|  0%| F|  |TAMS 0x000000008b500000, 0x000000008b500000| Untracked 
| 182|0x000000008b600000, 0x000000008b600000, 0x000000008b700000|  0%| F|  |TAMS 0x000000008b600000, 0x000000008b600000| Untracked 
| 183|0x000000008b700000, 0x000000008b700000, 0x000000008b800000|  0%| F|  |TAMS 0x000000008b700000, 0x000000008b700000| Untracked 
| 184|0x000000008b800000, 0x000000008b800000, 0x000000008b900000|  0%| F|  |TAMS 0x000000008b800000, 0x000000008b800000| Untracked 
| 185|0x000000008b900000, 0x000000008b900000, 0x000000008ba00000|  0%| F|  |TAMS 0x000000008b900000, 0x000000008b900000| Untracked 
| 186|0x000000008ba00000, 0x000000008ba00000, 0x000000008bb00000|  0%| F|  |TAMS 0x000000008ba00000, 0x000000008ba00000| Untracked 
| 187|0x000000008bb00000, 0x000000008bb00000, 0x000000008bc00000|  0%| F|  |TAMS 0x000000008bb00000, 0x000000008bb00000| Untracked 
| 188|0x000000008bc00000, 0x000000008bc00000, 0x000000008bd00000|  0%| F|  |TAMS 0x000000008bc00000, 0x000000008bc00000| Untracked 
| 189|0x000000008bd00000, 0x000000008bd00000, 0x000000008be00000|  0%| F|  |TAMS 0x000000008bd00000, 0x000000008bd00000| Untracked 
| 190|0x000000008be00000, 0x000000008be00000, 0x000000008bf00000|  0%| F|  |TAMS 0x000000008be00000, 0x000000008be00000| Untracked 
| 191|0x000000008bf00000, 0x000000008bf00000, 0x000000008c000000|  0%| F|  |TAMS 0x000000008bf00000, 0x000000008bf00000| Untracked 
| 192|0x000000008c000000, 0x000000008c000000, 0x000000008c100000|  0%| F|  |TAMS 0x000000008c000000, 0x000000008c000000| Untracked 
| 193|0x000000008c100000, 0x000000008c100000, 0x000000008c200000|  0%| F|  |TAMS 0x000000008c100000, 0x000000008c100000| Untracked 
| 194|0x000000008c200000, 0x000000008c200000, 0x000000008c300000|  0%| F|  |TAMS 0x000000008c200000, 0x000000008c200000| Untracked 
| 195|0x000000008c300000, 0x000000008c300000, 0x000000008c400000|  0%| F|  |TAMS 0x000000008c300000, 0x000000008c300000| Untracked 
| 196|0x000000008c400000, 0x000000008c400000, 0x000000008c500000|  0%| F|  |TAMS 0x000000008c400000, 0x000000008c400000| Untracked 
| 197|0x000000008c500000, 0x000000008c500000, 0x000000008c600000|  0%| F|  |TAMS 0x000000008c500000, 0x000000008c500000| Untracked 
| 198|0x000000008c600000, 0x000000008c600000, 0x000000008c700000|  0%| F|  |TAMS 0x000000008c600000, 0x000000008c600000| Untracked 
| 199|0x000000008c700000, 0x000000008c700000, 0x000000008c800000|  0%| F|  |TAMS 0x000000008c700000, 0x000000008c700000| Untracked 
| 200|0x000000008c800000, 0x000000008c800000, 0x000000008c900000|  0%| F|  |TAMS 0x000000008c800000, 0x000000008c800000| Untracked 
| 201|0x000000008c900000, 0x000000008c900000, 0x000000008ca00000|  0%| F|  |TAMS 0x000000008c900000, 0x000000008c900000| Untracked 
| 202|0x000000008ca00000, 0x000000008ca00000, 0x000000008cb00000|  0%| F|  |TAMS 0x000000008ca00000, 0x000000008ca00000| Untracked 
| 203|0x000000008cb00000, 0x000000008cb00000, 0x000000008cc00000|  0%| F|  |TAMS 0x000000008cb00000, 0x000000008cb00000| Untracked 
| 204|0x000000008cc00000, 0x000000008cc00000, 0x000000008cd00000|  0%| F|  |TAMS 0x000000008cc00000, 0x000000008cc00000| Untracked 
| 205|0x000000008cd00000, 0x000000008cd2ec80, 0x000000008ce00000| 18%| E|  |TAMS 0x000000008cd00000, 0x000000008cd00000| Complete 
| 206|0x000000008ce00000, 0x000000008cf00000, 0x000000008cf00000|100%| E|CS|TAMS 0x000000008ce00000, 0x000000008ce00000| Complete 
| 207|0x000000008cf00000, 0x000000008d000000, 0x000000008d000000|100%| E|CS|TAMS 0x000000008cf00000, 0x000000008cf00000| Complete 
| 208|0x000000008d000000, 0x000000008d100000, 0x000000008d100000|100%| E|CS|TAMS 0x000000008d000000, 0x000000008d000000| Complete 
| 209|0x000000008d100000, 0x000000008d200000, 0x000000008d200000|100%| E|CS|TAMS 0x000000008d100000, 0x000000008d100000| Complete 
| 210|0x000000008d200000, 0x000000008d300000, 0x000000008d300000|100%| E|CS|TAMS 0x000000008d200000, 0x000000008d200000| Complete 
| 211|0x000000008d300000, 0x000000008d400000, 0x000000008d400000|100%| E|CS|TAMS 0x000000008d300000, 0x000000008d300000| Complete 
| 212|0x000000008d400000, 0x000000008d500000, 0x000000008d500000|100%| E|CS|TAMS 0x000000008d400000, 0x000000008d400000| Complete 
| 213|0x000000008d500000, 0x000000008d600000, 0x000000008d600000|100%| E|CS|TAMS 0x000000008d500000, 0x000000008d500000| Complete 
| 214|0x000000008d600000, 0x000000008d700000, 0x000000008d700000|100%| E|CS|TAMS 0x000000008d600000, 0x000000008d600000| Complete 
| 215|0x000000008d700000, 0x000000008d800000, 0x000000008d800000|100%| E|CS|TAMS 0x000000008d700000, 0x000000008d700000| Complete 
| 216|0x000000008d800000, 0x000000008d900000, 0x000000008d900000|100%| E|CS|TAMS 0x000000008d800000, 0x000000008d800000| Complete 
| 217|0x000000008d900000, 0x000000008da00000, 0x000000008da00000|100%| E|CS|TAMS 0x000000008d900000, 0x000000008d900000| Complete 
| 218|0x000000008da00000, 0x000000008db00000, 0x000000008db00000|100%| E|CS|TAMS 0x000000008da00000, 0x000000008da00000| Complete 
| 219|0x000000008db00000, 0x000000008dc00000, 0x000000008dc00000|100%| E|CS|TAMS 0x000000008db00000, 0x000000008db00000| Complete 
| 220|0x000000008dc00000, 0x000000008dd00000, 0x000000008dd00000|100%| E|CS|TAMS 0x000000008dc00000, 0x000000008dc00000| Complete 
| 221|0x000000008dd00000, 0x000000008de00000, 0x000000008de00000|100%| E|CS|TAMS 0x000000008dd00000, 0x000000008dd00000| Complete 
| 222|0x000000008de00000, 0x000000008df00000, 0x000000008df00000|100%| E|CS|TAMS 0x000000008de00000, 0x000000008de00000| Complete 
| 223|0x000000008df00000, 0x000000008e000000, 0x000000008e000000|100%| E|CS|TAMS 0x000000008df00000, 0x000000008df00000| Complete 
| 224|0x000000008e000000, 0x000000008e100000, 0x000000008e100000|100%| E|CS|TAMS 0x000000008e000000, 0x000000008e000000| Complete 
| 225|0x000000008e100000, 0x000000008e200000, 0x000000008e200000|100%| E|CS|TAMS 0x000000008e100000, 0x000000008e100000| Complete 
| 226|0x000000008e200000, 0x000000008e300000, 0x000000008e300000|100%| E|CS|TAMS 0x000000008e200000, 0x000000008e200000| Complete 
| 227|0x000000008e300000, 0x000000008e400000, 0x000000008e400000|100%| E|CS|TAMS 0x000000008e300000, 0x000000008e300000| Complete 

Card table byte_map: [0x0000016fc4830000,0x0000016fc4c30000] _byte_map_base: 0x0000016fc4430000

Marking Bits (Prev, Next): (CMBitMap*) 0x0000016fb130c920, (CMBitMap*) 0x0000016fb130c8e8
 Prev Bits: [0x0000016fc7030000, 0x0000016fc9030000)
 Next Bits: [0x0000016fc5030000, 0x0000016fc7030000)

Polling page: 0x0000016fb4dd0000

Metaspace:

Usage:
  Non-class:     48.88 MB capacity,    47.75 MB ( 98%) used,   993.99 KB (  2%) free+waste,   157.31 KB ( <1%) overhead. 
      Class:      7.59 MB capacity,     7.02 MB ( 92%) used,   511.05 KB (  7%) free+waste,    75.31 KB ( <1%) overhead. 
       Both:     56.47 MB capacity,    54.77 MB ( 97%) used,     1.47 MB (  3%) free+waste,   232.63 KB ( <1%) overhead. 

Virtual space:
  Non-class space:       50.00 MB reserved,      49.07 MB ( 98%) committed 
      Class space:        1.00 GB reserved,       7.63 MB ( <1%) committed 
             Both:        1.05 GB reserved,      56.70 MB (  5%) committed 

Chunk freelists:
   Non-Class:  7.00 KB
       Class:  4.00 KB
        Both:  11.00 KB

MaxMetaspaceSize: 17179869184.00 GB
CompressedClassSpaceSize: 1.00 GB

CodeHeap 'non-profiled nmethods': size=120064Kb used=3749Kb max_used=3749Kb free=116315Kb
 bounds [0x0000016fbc8b0000, 0x0000016fbcc60000, 0x0000016fc3df0000]
CodeHeap 'profiled nmethods': size=120000Kb used=13566Kb max_used=13566Kb free=106433Kb
 bounds [0x0000016fb5380000, 0x0000016fb60c0000, 0x0000016fbc8b0000]
CodeHeap 'non-nmethods': size=5696Kb used=2234Kb max_used=2287Kb free=3462Kb
 bounds [0x0000016fb4df0000, 0x0000016fb5060000, 0x0000016fb5380000]
 total_blobs=7441 nmethods=6627 adapters=725
 compilation: enabled
              stopped_count=0, restarted_count=0
 full_count=0

Compilation events (20 events):
Event: 16.591 Thread 0x0000016fcbf10800 nmethod 6505 0x0000016fb604fd10 code [0x0000016fb604ffc0, 0x0000016fb6050b68]
Event: 16.591 Thread 0x0000016fcbf10800 6508       3       org.gradle.cache.internal.btree.BTreePersistentIndexedCache$1::create (65 bytes)
Event: 16.593 Thread 0x0000016fcbf10800 nmethod 6508 0x0000016fb6050f10 code [0x0000016fb60511e0, 0x0000016fb6052208]
Event: 16.593 Thread 0x0000016fcbf10800 6509       3       org.gradle.cache.internal.btree.BTreePersistentIndexedCache$HeaderBlock::getRoot (8 bytes)
Event: 16.593 Thread 0x0000016fcbf10800 nmethod 6509 0x0000016fb6052710 code [0x0000016fb60528e0, 0x0000016fb6052b08]
Event: 16.593 Thread 0x0000016fcbf10800 6510       3       org.gradle.cache.internal.btree.BTreePersistentIndexedCache$IndexRoot::getRoot (15 bytes)
Event: 16.594 Thread 0x0000016fcbf10800 nmethod 6510 0x0000016fb6052c90 code [0x0000016fb6052e60, 0x0000016fb6053008]
Event: 16.594 Thread 0x0000016fcbf10800 6511       3       org.gradle.cache.internal.btree.KeyHasher::getHashCode (29 bytes)
Event: 16.594 Thread 0x0000016fcbf10800 nmethod 6511 0x0000016fb6053110 code [0x0000016fb6053300, 0x0000016fb60535c8]
Event: 16.594 Thread 0x0000016fcbf10800 6506       1       org.gradle.internal.operations.BuildOperationState::getStartTime (5 bytes)
Event: 16.594 Thread 0x0000016fcbf10800 nmethod 6506 0x0000016fbcc48e90 code [0x0000016fbcc49040, 0x0000016fbcc490f8]
Event: 16.594 Thread 0x0000016fcbf10800 6507       1       org.gradle.internal.operations.DefaultBuildOperationRunner$DefaultBuildOperationContext::getFailure (5 bytes)
Event: 16.594 Thread 0x0000016fcbf10800 nmethod 6507 0x0000016fbcc49190 code [0x0000016fbcc49340, 0x0000016fbcc493f8]
Event: 16.599 Thread 0x0000016fcbf10800 6512       1       org.gradle.internal.component.model.DefaultIvyArtifactName::getExtension (5 bytes)
Event: 16.599 Thread 0x0000016fcbf10800 nmethod 6512 0x0000016fbcc49490 code [0x0000016fbcc49640, 0x0000016fbcc496f8]
Event: 16.599 Thread 0x0000016fcbf10800 6514   !   3       org.gradle.cache.internal.DefaultCacheAccess::takeOwnership (50 bytes)
Event: 16.600 Thread 0x0000016fcbf10800 nmethod 6514 0x0000016fb6053790 code [0x0000016fb60539a0, 0x0000016fb6053e48]
Event: 16.600 Thread 0x0000016fcbf10800 6513       3       java.io.DataOutputStream::flush (8 bytes)
Event: 16.600 Thread 0x0000016fcbf10800 nmethod 6513 0x0000016fb6054090 code [0x0000016fb6054240, 0x0000016fb6054408]
Event: 16.600 Thread 0x0000016fcbf10800 6515       3       org.gradle.cache.internal.cacheops.CacheAccessOperationsStack::popCacheAction (44 bytes)

GC Heap History (18 events):
Event: 0.738 GC heap before
{Heap before GC invocations=0 (full 0):
 garbage-first heap   total 194560K, used 19456K [0x0000000080000000, 0x0000000100000000)
  region size 1024K, 14 young (14336K), 0 survivors (0K)
 Metaspace       used 6725K, capacity 6921K, committed 7168K, reserved 1056768K
  class space    used 582K, capacity 650K, committed 768K, reserved 1048576K
}
Event: 0.744 GC heap after
{Heap after GC invocations=1 (full 0):
 garbage-first heap   total 194560K, used 7801K [0x0000000080000000, 0x0000000100000000)
  region size 1024K, 2 young (2048K), 2 survivors (2048K)
 Metaspace       used 6725K, capacity 6921K, committed 7168K, reserved 1056768K
  class space    used 582K, capacity 650K, committed 768K, reserved 1048576K
}
Event: 1.147 GC heap before
{Heap before GC invocations=1 (full 0):
 garbage-first heap   total 194560K, used 20089K [0x0000000080000000, 0x0000000100000000)
  region size 1024K, 14 young (14336K), 2 survivors (2048K)
 Metaspace       used 9886K, capacity 10114K, committed 10368K, reserved 1058816K
  class space    used 1028K, capacity 1102K, committed 1152K, reserved 1048576K
}
Event: 1.151 GC heap after
{Heap after GC invocations=2 (full 0):
 garbage-first heap   total 194560K, used 9213K [0x0000000080000000, 0x0000000100000000)
  region size 1024K, 2 young (2048K), 2 survivors (2048K)
 Metaspace       used 9886K, capacity 10114K, committed 10368K, reserved 1058816K
  class space    used 1028K, capacity 1102K, committed 1152K, reserved 1048576K
}
Event: 1.832 GC heap before
{Heap before GC invocations=2 (full 0):
 garbage-first heap   total 194560K, used 38909K [0x0000000080000000, 0x0000000100000000)
  region size 1024K, 31 young (31744K), 2 survivors (2048K)
 Metaspace       used 10856K, capacity 11069K, committed 11264K, reserved 1058816K
  class space    used 1131K, capacity 1207K, committed 1280K, reserved 1048576K
}
Event: 1.844 GC heap after
{Heap after GC invocations=3 (full 0):
 garbage-first heap   total 194560K, used 11514K [0x0000000080000000, 0x0000000100000000)
  region size 1024K, 4 young (4096K), 4 survivors (4096K)
 Metaspace       used 10856K, capacity 11069K, committed 11264K, reserved 1058816K
  class space    used 1131K, capacity 1207K, committed 1280K, reserved 1048576K
}
Event: 4.191 GC heap before
{Heap before GC invocations=3 (full 0):
 garbage-first heap   total 194560K, used 76026K [0x0000000080000000, 0x0000000100000000)
  region size 1024K, 68 young (69632K), 4 survivors (4096K)
 Metaspace       used 20673K, capacity 21176K, committed 21296K, reserved 1069056K
  class space    used 2528K, capacity 2674K, committed 2688K, reserved 1048576K
}
Event: 4.207 GC heap after
{Heap after GC invocations=4 (full 0):
 garbage-first heap   total 194560K, used 16994K [0x0000000080000000, 0x0000000100000000)
  region size 1024K, 9 young (9216K), 9 survivors (9216K)
 Metaspace       used 20673K, capacity 21176K, committed 21296K, reserved 1069056K
  class space    used 2528K, capacity 2674K, committed 2688K, reserved 1048576K
}
Event: 5.969 GC heap before
{Heap before GC invocations=5 (full 0):
 garbage-first heap   total 194560K, used 103010K [0x0000000080000000, 0x0000000100000000)
  region size 1024K, 85 young (87040K), 9 survivors (9216K)
 Metaspace       used 27940K, capacity 28716K, committed 28848K, reserved 1075200K
  class space    used 3699K, capacity 3998K, committed 4096K, reserved 1048576K
}
Event: 5.989 GC heap after
{Heap after GC invocations=6 (full 0):
 garbage-first heap   total 194560K, used 31288K [0x0000000080000000, 0x0000000100000000)
  region size 1024K, 11 young (11264K), 11 survivors (11264K)
 Metaspace       used 27940K, capacity 28716K, committed 28848K, reserved 1075200K
  class space    used 3699K, capacity 3998K, committed 4096K, reserved 1048576K
}
Event: 6.975 GC heap before
{Heap before GC invocations=6 (full 0):
 garbage-first heap   total 194560K, used 77368K [0x0000000080000000, 0x0000000100000000)
  region size 1024K, 57 young (58368K), 11 survivors (11264K)
 Metaspace       used 34522K, capacity 35466K, committed 35632K, reserved 1079296K
  class space    used 4535K, capacity 4887K, committed 4992K, reserved 1048576K
}
Event: 6.996 GC heap after
{Heap after GC invocations=7 (full 0):
 garbage-first heap   total 233472K, used 33754K [0x0000000080000000, 0x0000000100000000)
  region size 1024K, 8 young (8192K), 8 survivors (8192K)
 Metaspace       used 34522K, capacity 35466K, committed 35632K, reserved 1079296K
  class space    used 4535K, capacity 4887K, committed 4992K, reserved 1048576K
}
Event: 10.669 GC heap before
{Heap before GC invocations=8 (full 0):
 garbage-first heap   total 233472K, used 142298K [0x0000000080000000, 0x0000000100000000)
  region size 1024K, 112 young (114688K), 8 survivors (8192K)
 Metaspace       used 45694K, capacity 46871K, committed 46920K, reserved 1089536K
  class space    used 5961K, capacity 6382K, committed 6400K, reserved 1048576K
}
Event: 10.704 GC heap after
{Heap after GC invocations=9 (full 0):
 garbage-first heap   total 233472K, used 40838K [0x0000000080000000, 0x0000000100000000)
  region size 1024K, 14 young (14336K), 14 survivors (14336K)
 Metaspace       used 45694K, capacity 46871K, committed 46920K, reserved 1089536K
  class space    used 5961K, capacity 6382K, committed 6400K, reserved 1048576K
}
Event: 12.958 GC heap before
{Heap before GC invocations=10 (full 0):
 garbage-first heap   total 233472K, used 168838K [0x0000000080000000, 0x0000000100000000)
  region size 1024K, 136 young (139264K), 14 survivors (14336K)
 Metaspace       used 48285K, capacity 49620K, committed 49864K, reserved 1093632K
  class space    used 6221K, capacity 6714K, committed 6784K, reserved 1048576K
}
Event: 13.012 GC heap after
{Heap after GC invocations=11 (full 0):
 garbage-first heap   total 233472K, used 48981K [0x0000000080000000, 0x0000000100000000)
  region size 1024K, 12 young (12288K), 12 survivors (12288K)
 Metaspace       used 48285K, capacity 49620K, committed 49864K, reserved 1093632K
  class space    used 6221K, capacity 6714K, committed 6784K, reserved 1048576K
}
Event: 16.154 GC heap before
{Heap before GC invocations=11 (full 0):
 garbage-first heap   total 233472K, used 179029K [0x0000000080000000, 0x0000000100000000)
  region size 1024K, 135 young (138240K), 12 survivors (12288K)
 Metaspace       used 55433K, capacity 57153K, committed 57288K, reserved 1099776K
  class space    used 7140K, capacity 7703K, committed 7808K, reserved 1048576K
}
Event: 16.191 GC heap after
{Heap after GC invocations=12 (full 0):
 garbage-first heap   total 233472K, used 60107K [0x0000000080000000, 0x0000000100000000)
  region size 1024K, 13 young (13312K), 13 survivors (13312K)
 Metaspace       used 55433K, capacity 57153K, committed 57288K, reserved 1099776K
  class space    used 7140K, capacity 7703K, committed 7808K, reserved 1048576K
}

Deoptimization events (20 events):
Event: 16.480 Thread 0x0000016fcd72b800 DEOPT PACKING pc=0x0000016fbcc389d0 sp=0x00000039436f86b0
Event: 16.480 Thread 0x0000016fcd72b800 DEOPT UNPACKING pc=0x0000016fb4e1662f sp=0x00000039436f8678 mode 2
Event: 16.519 Thread 0x0000016fcd72b800 Uncommon trap: trap_request=0xffffffc6 fr.pc=0x0000016fbcc3c20c relative=0x00000000000002ac
Event: 16.519 Thread 0x0000016fcd72b800 Uncommon trap: reason=bimorphic_or_optimized_type_check action=maybe_recompile pc=0x0000016fbcc3c20c method=com.google.common.collect.ImmutableList.copyOf(Ljava/util/Collection;)Lcom/google/common/collect/ImmutableList; @ 11 c2
Event: 16.519 Thread 0x0000016fcd72b800 DEOPT PACKING pc=0x0000016fbcc3c20c sp=0x00000039436f8210
Event: 16.519 Thread 0x0000016fcd72b800 DEOPT UNPACKING pc=0x0000016fb4e1662f sp=0x00000039436f81d8 mode 2
Event: 16.521 Thread 0x0000016fcd72b800 Uncommon trap: trap_request=0xffffffc6 fr.pc=0x0000016fbcc3c20c relative=0x00000000000002ac
Event: 16.521 Thread 0x0000016fcd72b800 Uncommon trap: reason=bimorphic_or_optimized_type_check action=maybe_recompile pc=0x0000016fbcc3c20c method=com.google.common.collect.ImmutableList.copyOf(Ljava/util/Collection;)Lcom/google/common/collect/ImmutableList; @ 11 c2
Event: 16.521 Thread 0x0000016fcd72b800 DEOPT PACKING pc=0x0000016fbcc3c20c sp=0x00000039436f8210
Event: 16.521 Thread 0x0000016fcd72b800 DEOPT UNPACKING pc=0x0000016fb4e1662f sp=0x00000039436f81d8 mode 2
Event: 16.559 Thread 0x0000016fcdb19800 Uncommon trap: trap_request=0xffffff4d fr.pc=0x0000016fbcc26c8c relative=0x000000000000016c
Event: 16.559 Thread 0x0000016fcdb19800 Uncommon trap: reason=unstable_if action=reinterpret pc=0x0000016fbcc26c8c method=java.util.concurrent.locks.ReentrantLock$Sync.nonfairTryAcquire(I)Z @ 19 c2
Event: 16.559 Thread 0x0000016fcdb19800 DEOPT PACKING pc=0x0000016fbcc26c8c sp=0x00000039458ff010
Event: 16.559 Thread 0x0000016fcdb19800 DEOPT UNPACKING pc=0x0000016fb4e1662f sp=0x00000039458fefa8 mode 2
Event: 16.582 Thread 0x0000016fcdb23800 Uncommon trap: trap_request=0xffffff4d fr.pc=0x0000016fbcc3635c relative=0x000000000000027c
Event: 16.582 Thread 0x0000016fcdb23800 Uncommon trap: reason=unstable_if action=reinterpret pc=0x0000016fbcc3635c method=com.esotericsoftware.kryo.io.Output.writeString(Ljava/lang/CharSequence;)V @ 1 c2
Event: 16.582 Thread 0x0000016fcdb23800 DEOPT PACKING pc=0x0000016fbcc3635c sp=0x00000039461fd500
Event: 16.582 Thread 0x0000016fcdb23800 DEOPT UNPACKING pc=0x0000016fb4e1662f sp=0x00000039461fd498 mode 2
Event: 16.590 Thread 0x0000016fcdb22800 DEOPT PACKING pc=0x0000016fb5a825f4 sp=0x0000003945ffcc30
Event: 16.590 Thread 0x0000016fcdb22800 DEOPT UNPACKING pc=0x0000016fb4e16dde sp=0x0000003945ffc1d0 mode 0

Classes redefined (0 events):
No events

Internal exceptions (20 events):
Event: 15.297 Thread 0x0000016fcd72b800 Exception <a 'java/lang/ClassNotFoundException'{0x0000000088cf7c70}: org/codehaus/groovy/reflection/CachedFieldBeanInfo> (0x0000000088cf7c70) thrown at [./src/hotspot/share/classfile/systemDictionary.cpp, line 231]
Event: 15.299 Thread 0x0000016fcd72b800 Exception <a 'java/lang/ClassNotFoundException'{0x0000000088b1a540}: groovy/lang/MetaPropertyBeanInfo> (0x0000000088b1a540) thrown at [./src/hotspot/share/classfile/systemDictionary.cpp, line 231]
Event: 15.304 Thread 0x0000016fcd72b800 Exception <a 'java/lang/ClassNotFoundException'{0x0000000088b3d478}: groovy/lang/MetaPropertyCustomizer> (0x0000000088b3d478) thrown at [./src/hotspot/share/classfile/systemDictionary.cpp, line 231]
Event: 15.319 Thread 0x0000016fcd72b800 Exception <a 'java/lang/ClassNotFoundException'{0x0000000088ac6b98}: org/codehaus/groovy/reflection/CachedFieldCustomizer> (0x0000000088ac6b98) thrown at [./src/hotspot/share/classfile/systemDictionary.cpp, line 231]
Event: 15.335 Thread 0x0000016fcd72b800 Exception <a 'java/lang/ClassNotFoundException'{0x0000000088978130}: org/gradle/tooling/provider/model/internal/DefaultToolingModelBuilderRegistry$1BeanInfo> (0x0000000088978130) thrown at [./src/hotspot/share/classfile/systemDictionary.cpp, line 231]
Event: 15.339 Thread 0x0000016fcd72b800 Exception <a 'java/lang/ClassNotFoundException'{0x0000000088995898}: org/gradle/tooling/provider/model/internal/DefaultToolingModelBuilderRegistry$1Customizer> (0x0000000088995898) thrown at [./src/hotspot/share/classfile/systemDictionary.cpp, line 231]
Event: 15.345 Thread 0x0000016fcd72b800 Exception <a 'java/lang/ClassNotFoundException'{0x0000000088804cd0}: java/util/CollectionBeanInfo> (0x0000000088804cd0) thrown at [./src/hotspot/share/classfile/systemDictionary.cpp, line 231]
Event: 15.346 Thread 0x0000016fcd72b800 Exception <a 'java/lang/ClassNotFoundException'{0x000000008880fdc0}: java/util/CollectionCustomizer> (0x000000008880fdc0) thrown at [./src/hotspot/share/classfile/systemDictionary.cpp, line 231]
Event: 15.439 Thread 0x0000016fcd72b800 Implicit null exception at 0x0000016fbc995bf4 to 0x0000016fbc995e04
Event: 15.439 Thread 0x0000016fcd72b800 Implicit null exception at 0x0000016fbc900178 to 0x0000016fbc90020a
Event: 15.606 Thread 0x0000016fcd72b800 Exception <a 'java/lang/ClassNotFoundException'{0x00000000881428a8}: build_2618jb0srurycihw7uhdi7bc9BeanInfo> (0x00000000881428a8) thrown at [./src/hotspot/share/classfile/systemDictionary.cpp, line 231]
Event: 15.606 Thread 0x0000016fcd72b800 Exception <a 'java/lang/ClassNotFoundException'{0x0000000088159840}: org/gradle/api/internal/project/ProjectScriptBeanInfo> (0x0000000088159840) thrown at [./src/hotspot/share/classfile/systemDictionary.cpp, line 231]
Event: 15.607 Thread 0x0000016fcd72b800 Exception <a 'java/lang/ClassNotFoundException'{0x000000008816ff08}: org/gradle/api/internal/project/ProjectScriptCustomizer> (0x000000008816ff08) thrown at [./src/hotspot/share/classfile/systemDictionary.cpp, line 231]
Event: 15.609 Thread 0x0000016fcd72b800 Exception <a 'java/lang/ClassNotFoundException'{0x000000008818b1b8}: build_2618jb0srurycihw7uhdi7bc9Customizer> (0x000000008818b1b8) thrown at [./src/hotspot/share/classfile/systemDictionary.cpp, line 231]
Event: 15.629 Thread 0x0000016fcd72b800 Exception <a 'java/lang/ClassNotFoundException'{0x000000008800f340}: org/gradle/plugin/use/internal/PluginRequestCollector$PluginDependenciesSpecImplBeanInfo> (0x000000008800f340) thrown at [./src/hotspot/share/classfile/systemDictionary.cpp, line 231]
Event: 15.630 Thread 0x0000016fcd72b800 Exception <a 'java/lang/ClassNotFoundException'{0x000000008803e128}: org/gradle/plugin/use/internal/PluginRequestCollector$PluginDependenciesSpecImplCustomizer> (0x000000008803e128) thrown at [./src/hotspot/share/classfile/systemDictionary.cpp, line 231]
Event: 15.638 Thread 0x0000016fcd72b800 Exception <a 'java/lang/ClassNotFoundException'{0x000000008809d660}: org/gradle/plugin/use/internal/PluginRequestCollector$PluginDependencySpecImplBeanInfo> (0x000000008809d660) thrown at [./src/hotspot/share/classfile/systemDictionary.cpp, line 231]
Event: 15.639 Thread 0x0000016fcd72b800 Exception <a 'java/lang/ClassNotFoundException'{0x00000000880cb6d0}: org/gradle/plugin/use/internal/PluginRequestCollector$PluginDependencySpecImplCustomizer> (0x00000000880cb6d0) thrown at [./src/hotspot/share/classfile/systemDictionary.cpp, line 231]
Event: 15.934 Thread 0x0000016fcd72b800 Exception <a 'java/lang/NoSuchMethodError'{0x0000000086ed78a0}: 'void java.lang.invoke.DirectMethodHandle$Holder.invokeStatic(java.lang.Object, java.lang.Object, java.lang.Object, int, java.lang.Object)'> (0x0000000086ed78a0) thrown at [./src/hotspot/share/interpreter/linkResolver.cpp, line 773]
Event: 16.582 Thread 0x0000016fcdb23800 Implicit null exception at 0x0000016fbcc3610f to 0x0000016fbcc3634c

Events (20 events):
Event: 16.568 loading class org/gradle/internal/resource/cached/CachedItem
Event: 16.568 loading class org/gradle/internal/resource/cached/CachedItem done
Event: 16.568 loading class org/gradle/internal/resource/cached/CachedItem
Event: 16.568 loading class org/gradle/internal/resource/cached/CachedItem done
Event: 16.568 loading class org/gradle/internal/resource/cached/AbstractCachedIndex
Event: 16.568 loading class org/gradle/internal/resource/cached/AbstractCachedIndex done
Event: 16.571 loading class org/gradle/api/internal/artifacts/ivyservice/modulecache/artifacts/DefaultCachedArtifact
Event: 16.571 loading class org/gradle/api/internal/artifacts/ivyservice/modulecache/artifacts/DefaultCachedArtifact done
Event: 16.574 Executing VM operation: RevokeBias
Event: 16.576 Executing VM operation: RevokeBias done
Event: 16.577 loading class org/gradle/api/internal/artifacts/DefaultArtifactIdentifier
Event: 16.577 loading class org/gradle/api/internal/artifacts/DefaultArtifactIdentifier done
Event: 16.577 loading class org/gradle/api/internal/artifacts/ivyservice/resolutionstrategy/DefaultCachePolicy$CachedArtifactResolutionControl
Event: 16.577 loading class org/gradle/api/internal/artifacts/ivyservice/resolutionstrategy/DefaultCachePolicy$CachedArtifactResolutionControl done
Event: 16.579 loading class org/gradle/api/internal/artifacts/DownloadArtifactBuildOperationType
Event: 16.579 loading class org/gradle/api/internal/artifacts/DownloadArtifactBuildOperationType done
Event: 16.580 loading class org/gradle/api/internal/artifacts/DownloadArtifactBuildOperationType$Result
Event: 16.580 loading class org/gradle/api/internal/artifacts/DownloadArtifactBuildOperationType$Result done
Event: 16.581 loading class org/gradle/api/internal/artifacts/DownloadArtifactBuildOperationType$1
Event: 16.581 loading class org/gradle/api/internal/artifacts/DownloadArtifactBuildOperationType$1 done


Dynamic libraries:
0x00007ff7ff840000 - 0x00007ff7ff84a000 	C:\Program Files\Android\Android Studio\jre\bin\java.exe
0x00007ffa83070000 - 0x00007ffa83265000 	C:\Windows\SYSTEM32\ntdll.dll
0x00007ffa82130000 - 0x00007ffa821ee000 	C:\Windows\System32\KERNEL32.DLL
0x00007ffa80d50000 - 0x00007ffa81018000 	C:\Windows\System32\KERNELBASE.dll
0x00007ffa80b90000 - 0x00007ffa80c90000 	C:\Windows\System32\ucrtbase.dll
0x00007ffa79a10000 - 0x00007ffa79a27000 	C:\Program Files\Android\Android Studio\jre\bin\VCRUNTIME140.dll
0x00007ffa79be0000 - 0x00007ffa79bf9000 	C:\Program Files\Android\Android Studio\jre\bin\jli.dll
0x00007ffa82ba0000 - 0x00007ffa82d40000 	C:\Windows\System32\USER32.dll
0x00007ffa80b60000 - 0x00007ffa80b82000 	C:\Windows\System32\win32u.dll
0x00007ffa6de40000 - 0x00007ffa6e0da000 	C:\Windows\WinSxS\amd64_microsoft.windows.common-controls_6595b64144ccf1df_6.0.19041.1110_none_60b5254171f9507e\COMCTL32.dll
0x00007ffa82ef0000 - 0x00007ffa82f1b000 	C:\Windows\System32\GDI32.dll
0x00007ffa829d0000 - 0x00007ffa82a6e000 	C:\Windows\System32\msvcrt.dll
0x00007ffa80780000 - 0x00007ffa8088d000 	C:\Windows\System32\gdi32full.dll
0x00007ffa81020000 - 0x00007ffa810bd000 	C:\Windows\System32\msvcp_win.dll
0x00007ffa81af0000 - 0x00007ffa81b20000 	C:\Windows\System32\IMM32.DLL
0x00007ffa55340000 - 0x00007ffa553dd000 	C:\Program Files\Android\Android Studio\jre\bin\msvcp140.dll
0x00007ffa1ac20000 - 0x00007ffa1b6f5000 	C:\Program Files\Android\Android Studio\jre\bin\server\jvm.dll
0x00007ffa81290000 - 0x00007ffa8133e000 	C:\Windows\System32\ADVAPI32.dll
0x00007ffa817c0000 - 0x00007ffa8185c000 	C:\Windows\System32\sechost.dll
0x00007ffa82a70000 - 0x00007ffa82b95000 	C:\Windows\System32\RPCRT4.dll
0x00007ffa81f60000 - 0x00007ffa81f68000 	C:\Windows\System32\PSAPI.DLL
0x00007ffa6de30000 - 0x00007ffa6de39000 	C:\Windows\SYSTEM32\WSOCK32.dll
0x00007ffa79340000 - 0x00007ffa7934a000 	C:\Windows\SYSTEM32\VERSION.dll
0x00007ffa6bf80000 - 0x00007ffa6bfa7000 	C:\Windows\SYSTEM32\WINMM.dll
0x00007ffa81f70000 - 0x00007ffa81fdb000 	C:\Windows\System32\WS2_32.dll
0x00007ffa7f000000 - 0x00007ffa7f012000 	C:\Windows\SYSTEM32\kernel.appcore.dll
0x00007ffa799f0000 - 0x00007ffa79a01000 	C:\Program Files\Android\Android Studio\jre\bin\verify.dll
0x00007ffa7ed00000 - 0x00007ffa7eee4000 	C:\Windows\SYSTEM32\DBGHELP.DLL
0x00007ffa67980000 - 0x00007ffa679ac000 	C:\Windows\SYSTEM32\dbgcore.DLL
0x00007ffa809f0000 - 0x00007ffa80a72000 	C:\Windows\System32\bcryptPrimitives.dll
0x00007ffa79070000 - 0x00007ffa79099000 	C:\Program Files\Android\Android Studio\jre\bin\java.dll
0x00007ffa7dc30000 - 0x00007ffa7dc3b000 	C:\Program Files\Android\Android Studio\jre\bin\jimage.dll
0x00007ffa79910000 - 0x00007ffa79928000 	C:\Program Files\Android\Android Studio\jre\bin\zip.dll
0x00007ffa821f0000 - 0x00007ffa82934000 	C:\Windows\System32\SHELL32.dll
0x00007ffa7e560000 - 0x00007ffa7ecf4000 	C:\Windows\SYSTEM32\windows.storage.dll
0x00007ffa81b20000 - 0x00007ffa81e75000 	C:\Windows\System32\combase.dll
0x00007ffa80100000 - 0x00007ffa8012e000 	C:\Windows\SYSTEM32\Wldp.dll
0x00007ffa81a40000 - 0x00007ffa81aed000 	C:\Windows\System32\SHCORE.dll
0x00007ffa81860000 - 0x00007ffa818b5000 	C:\Windows\System32\shlwapi.dll
0x00007ffa806c0000 - 0x00007ffa806df000 	C:\Windows\SYSTEM32\profapi.dll
0x00007ffa791b0000 - 0x00007ffa791ca000 	C:\Program Files\Android\Android Studio\jre\bin\net.dll
0x00007ffa76da0000 - 0x00007ffa76eac000 	C:\Windows\SYSTEM32\WINHTTP.dll
0x00007ffa7fe60000 - 0x00007ffa7feca000 	C:\Windows\system32\mswsock.dll
0x00007ffa79110000 - 0x00007ffa79124000 	C:\Program Files\Android\Android Studio\jre\bin\nio.dll
0x00007ffa7a310000 - 0x00007ffa7a337000 	C:\Users\nasri\.gradle\native\e1d6ef7f7dcc3fd88c89a11ec53ec762bb8ba0a96d01ffa2cd45eb1d1d8dd5c5\windows-amd64\native-platform.dll
0x00007ffa62870000 - 0x00007ffa629b4000 	C:\Users\nasri\.gradle\native\5664cfc778a61ccfe75a443a1ab52a65af34e5dc3c78e0209fed803814484fcb\windows-amd64\native-platform-file-events.dll
0x00007ffa7bb10000 - 0x00007ffa7bb1a000 	C:\Program Files\Android\Android Studio\jre\bin\management.dll
0x00007ffa79b90000 - 0x00007ffa79b9d000 	C:\Program Files\Android\Android Studio\jre\bin\management_ext.dll
0x00007ffa80060000 - 0x00007ffa80078000 	C:\Windows\SYSTEM32\CRYPTSP.dll
0x00007ffa7f7e0000 - 0x00007ffa7f814000 	C:\Windows\system32\rsaenh.dll
0x00007ffa80a80000 - 0x00007ffa80aa7000 	C:\Windows\System32\bcrypt.dll
0x00007ffa80680000 - 0x00007ffa806ae000 	C:\Windows\SYSTEM32\USERENV.dll
0x00007ffa80050000 - 0x00007ffa8005c000 	C:\Windows\SYSTEM32\CRYPTBASE.dll
0x00007ffa7fb50000 - 0x00007ffa7fb8b000 	C:\Windows\SYSTEM32\IPHLPAPI.DLL
0x00007ffa829c0000 - 0x00007ffa829c8000 	C:\Windows\System32\NSI.dll
0x00007ffa77830000 - 0x00007ffa77847000 	C:\Windows\SYSTEM32\dhcpcsvc6.DLL
0x00007ffa78aa0000 - 0x00007ffa78abd000 	C:\Windows\SYSTEM32\dhcpcsvc.DLL
0x00007ffa7fb90000 - 0x00007ffa7fc5b000 	C:\Windows\SYSTEM32\DNSAPI.dll

dbghelp: loaded successfully - version: 4.0.5 - missing functions: none
symbol engine: initialized successfully - sym options: 0x614 - pdb path: .;C:\Program Files\Android\Android Studio\jre\bin;C:\Windows\SYSTEM32;C:\Windows\WinSxS\amd64_microsoft.windows.common-controls_6595b64144ccf1df_6.0.19041.1110_none_60b5254171f9507e;C:\Program Files\Android\Android Studio\jre\bin\server;C:\Users\nasri\.gradle\native\e1d6ef7f7dcc3fd88c89a11ec53ec762bb8ba0a96d01ffa2cd45eb1d1d8dd5c5\windows-amd64;C:\Users\nasri\.gradle\native\5664cfc778a61ccfe75a443a1ab52a65af34e5dc3c78e0209fed803814484fcb\windows-amd64

VM Arguments:
jvm_args: --add-opens=java.base/java.util=ALL-UNNAMED --add-opens=java.base/java.lang=ALL-UNNAMED --add-opens=java.base/java.lang.invoke=ALL-UNNAMED --add-opens=java.base/java.util=ALL-UNNAMED --add-opens=java.prefs/java.util.prefs=ALL-UNNAMED --add-opens=java.prefs/java.util.prefs=ALL-UNNAMED --add-opens=java.base/java.nio.charset=ALL-UNNAMED --add-opens=java.base/java.net=ALL-UNNAMED --add-opens=java.base/java.util.concurrent.atomic=ALL-UNNAMED -Xmx2048m -Dfile.encoding=UTF-8 -Duser.country=US -Duser.language=en -Duser.variant 
java_command: org.gradle.launcher.daemon.bootstrap.GradleDaemon 7.2
java_class_path (initial): C:\Users\nasri\.gradle\wrapper\dists\gradle-7.2-bin\2dnblmf4td7x66yl1d74lt32g\gradle-7.2\lib\gradle-launcher-7.2.jar
Launcher Type: SUN_STANDARD

[Global flags]
     intx CICompilerCount                          = 3                                         {product} {ergonomic}
     uint ConcGCThreads                            = 1                                         {product} {ergonomic}
     uint G1ConcRefinementThreads                  = 4                                         {product} {ergonomic}
   size_t G1HeapRegionSize                         = 1048576                                   {product} {ergonomic}
    uintx GCDrainStackTargetSize                   = 64                                        {product} {ergonomic}
   size_t InitialHeapSize                          = 199229440                                 {product} {ergonomic}
   size_t MarkStackSize                            = 4194304                                   {product} {ergonomic}
   size_t MaxHeapSize                              = 2147483648                                {product} {command line}
   size_t MaxNewSize                               = 1287651328                                {product} {ergonomic}
   size_t MinHeapDeltaBytes                        = 1048576                                   {product} {ergonomic}
    uintx NonNMethodCodeHeapSize                   = 5830732                                {pd product} {ergonomic}
    uintx NonProfiledCodeHeapSize                  = 122913754                              {pd product} {ergonomic}
    uintx ProfiledCodeHeapSize                     = 122913754                              {pd product} {ergonomic}
    uintx ReservedCodeCacheSize                    = 251658240                              {pd product} {ergonomic}
     bool SegmentedCodeCache                       = true                                      {product} {ergonomic}
     bool UseCompressedClassPointers               = true                                 {lp64_product} {ergonomic}
     bool UseCompressedOops                        = true                                 {lp64_product} {ergonomic}
     bool UseG1GC                                  = true                                      {product} {ergonomic}
     bool UseLargePagesIndividualAllocation        = false                                  {pd product} {ergonomic}

Logging:
Log output configuration:
 #0: stdout all=warning uptime,level,tags
 #1: stderr all=off uptime,level,tags

Environment Variables:
PATH=C:\Windows\system32;C:\Windows;C:\Windows\System32\Wbem;C:\Windows\System32\WindowsPowerShell\v1.0\;C:\Windows\System32\OpenSSH\;C:\Users\nasri\AppData\Local\Microsoft\WindowsApps;
USERNAME=nasri
OS=Windows_NT
PROCESSOR_IDENTIFIER=Intel64 Family 6 Model 142 Stepping 9, GenuineIntel



---------------  S Y S T E M  ---------------

OS: Windows 10 , 64 bit Build 19041 (10.0.19041.1503)
OS uptime: 0 days 2:11 hours

CPU:total 4 (initial active 4) (2 cores per cpu, 2 threads per core) family 6 model 142 stepping 9 microcode 0xb4, cmov, cx8, fxsr, mmx, sse, sse2, sse3, ssse3, sse4.1, sse4.2, popcnt, avx, avx2, aes, clmul, erms, 3dnowpref, lzcnt, ht, tsc, tscinvbit, bmi1, bmi2, adx, fma

Memory: 4k page, system-wide physical 12153M (4918M free)
TotalPageFile size 16505M (AvailPageFile size 8873M)
current process WorkingSet (physical memory assigned to process): 370M, peak: 379M
current process commit charge ("private bytes"): 434M, peak: 449M

vm_info: OpenJDK 64-Bit Server VM (11.0.11+9-b60-7590822) for windows-amd64 JRE (11.0.11+9-b60-7590822), built on Jul 29 2021 21:43:44 by "builder" with MS VC++ 14.0 (VS2015)

END.
